{"meta": {"version": "5.4", "timestamp": "2021-02-10T01:37:51.636891", "branch_coverage": true, "show_contexts": false}, "files": {"/home/main/Documents/django_venv/lib/python3.8/site-packages/asgiref/local.py": {"executed_lines": [36, 37, 38, 41, 51, 54, 55, 57, 58, 59, 61, 62, 64, 65, 66, 72, 74, 75, 80, 83, 84, 85, 86, 87, 102, 103, 104, 105, 107, 110, 111, 112, 113, 114, 117, 118, 119, 120], "summary": {"covered_lines": 38, "num_statements": 65, "percent_covered": 61.1764705882353, "missing_lines": 27, "excluded_lines": 0, "num_branches": 20, "num_partial_branches": 4, "covered_branches": 14, "missing_branches": 6}, "missing_lines": [1, 2, 3, 4, 5, 8, 33, 35, 46, 68, 69, 73, 79, 82, 89, 90, 91, 92, 93, 94, 95, 96, 99, 101, 109, 116, 122], "excluded_lines": []}, "/home/main/Documents/django_venv/lib/python3.8/site-packages/asgiref/sync.py": {"executed_lines": [357, 358, 360, 364, 365], "summary": {"covered_lines": 5, "num_statements": 182, "percent_covered": 2.3529411764705883, "missing_lines": 177, "excluded_lines": 0, "num_branches": 73, "num_partial_branches": 1, "covered_branches": 1, "missing_branches": 72}, "missing_lines": [1, 2, 3, 4, 5, 6, 7, 9, 10, 12, 13, 14, 15, 18, 21, 22, 23, 24, 25, 26, 29, 43, 47, 49, 50, 51, 52, 53, 54, 55, 57, 59, 60, 61, 64, 69, 70, 74, 76, 78, 79, 80, 81, 83, 84, 89, 92, 94, 97, 99, 103, 104, 106, 107, 108, 112, 113, 117, 119, 120, 121, 124, 126, 128, 131, 134, 136, 139, 140, 141, 142, 143, 144, 147, 149, 153, 154, 155, 157, 160, 161, 163, 164, 165, 166, 167, 168, 169, 170, 171, 178, 179, 181, 182, 184, 188, 189, 191, 198, 199, 201, 202, 203, 206, 207, 208, 209, 210, 212, 213, 214, 216, 218, 220, 221, 224, 243, 244, 245, 250, 253, 256, 258, 259, 260, 261, 262, 263, 264, 265, 266, 268, 269, 272, 273, 275, 278, 280, 282, 283, 284, 285, 286, 287, 289, 292, 304, 306, 307, 309, 311, 315, 317, 322, 323, 325, 326, 329, 331, 332, 334, 337, 338, 339, 340, 341, 343, 347, 348, 350, 351, 363, 369, 372, 373, 374, 375], "excluded_lines": []}, "/home/main/Documents/django_venv/lib/python3.8/site-packages/django/__init__.py": {"executed_lines": [14, 15, 16, 17, 19, 20, 24], "summary": {"covered_lines": 7, "num_statements": 12, "percent_covered": 57.142857142857146, "missing_lines": 5, "excluded_lines": 0, "num_branches": 2, "num_partial_branches": 1, "covered_branches": 1, "missing_branches": 1}, "missing_lines": [1, 3, 5, 8, 21], "excluded_lines": []}, "/home/main/Documents/django_venv/lib/python3.8/site-packages/django/apps/config.py": {"executed_lines": [173, 174, 176, 177, 178], "summary": {"covered_lines": 5, "num_statements": 89, "percent_covered": 5.691056910569106, "missing_lines": 84, "excluded_lines": 0, "num_branches": 34, "num_partial_branches": 0, "covered_branches": 2, "missing_branches": 32}, "missing_lines": [1, 2, 4, 5, 7, 10, 13, 15, 19, 23, 30, 31, 34, 35, 39, 40, 45, 49, 51, 52, 54, 60, 61, 62, 63, 64, 68, 69, 70, 74, 75, 79, 81, 82, 86, 90, 92, 95, 97, 101, 102, 105, 107, 108, 110, 112, 116, 117, 118, 119, 120, 125, 131, 132, 136, 138, 142, 143, 148, 149, 150, 151, 155, 156, 157, 158, 165, 167, 179, 180, 183, 196, 197, 198, 199, 200, 201, 202, 204, 207, 209, 210, 211, 213], "excluded_lines": []}, "/home/main/Documents/django_venv/lib/python3.8/site-packages/django/apps/registry.py": {"executed_lines": [69, 70, 129, 140, 145, 146, 154, 155, 156, 198, 199, 201, 203, 204, 206, 208, 211], "summary": {"covered_lines": 17, "num_statements": 175, "percent_covered": 9.266409266409266, "missing_lines": 158, "excluded_lines": 0, "num_branches": 84, "num_partial_branches": 5, "covered_branches": 7, "missing_branches": 77}, "missing_lines": [1, 2, 3, 4, 5, 6, 8, 10, 13, 20, 24, 25, 34, 37, 41, 44, 46, 49, 50, 55, 58, 59, 61, 74, 75, 76, 80, 83, 84, 87, 88, 89, 91, 92, 93, 97, 98, 101, 103, 105, 106, 110, 113, 114, 116, 118, 121, 122, 124, 125, 127, 130, 135, 136, 138, 141, 143, 148, 157, 158, 159, 160, 161, 162, 163, 166, 167, 179, 181, 182, 183, 184, 186, 209, 213, 217, 218, 219, 220, 222, 228, 231, 232, 233, 235, 241, 242, 244, 253, 254, 255, 256, 257, 258, 259, 260, 261, 263, 271, 272, 273, 275, 277, 278, 289, 290, 292, 293, 295, 296, 297, 299, 311, 312, 313, 314, 319, 320, 325, 327, 329, 330, 332, 349, 350, 351, 352, 353, 354, 355, 357, 359, 360, 361, 363, 371, 372, 375, 376, 377, 379, 389, 390, 397, 402, 403, 404, 405, 411, 412, 413, 414, 416, 418, 423, 424, 425, 428], "excluded_lines": []}, "/home/main/Documents/django_venv/lib/python3.8/site-packages/django/conf/__init__.py": {"executed_lines": [81, 83, 84, 85, 127, 128, 139, 142, 143, 149, 153, 157], "summary": {"covered_lines": 12, "num_statements": 142, "percent_covered": 7.731958762886598, "missing_lines": 130, "excluded_lines": 0, "num_branches": 52, "num_partial_branches": 3, "covered_branches": 3, "missing_branches": 49}, "missing_lines": [9, 10, 11, 12, 13, 14, 16, 17, 18, 19, 20, 22, 24, 29, 36, 41, 42, 44, 45, 48, 54, 60, 61, 62, 63, 69, 71, 73, 74, 75, 79, 82, 87, 92, 93, 95, 96, 98, 100, 101, 103, 109, 110, 111, 112, 113, 114, 115, 116, 118, 119, 129, 130, 132, 133, 135, 137, 138, 144, 151, 152, 155, 156, 160, 161, 163, 164, 165, 168, 170, 172, 177, 178, 179, 180, 182, 184, 185, 186, 188, 189, 191, 192, 193, 197, 198, 200, 201, 203, 206, 207, 208, 209, 212, 213, 215, 216, 218, 219, 225, 229, 231, 236, 237, 239, 240, 241, 242, 244, 245, 246, 247, 248, 249, 250, 251, 253, 254, 255, 256, 258, 259, 264, 265, 266, 267, 268, 270, 271, 276], "excluded_lines": []}, "/home/main/Documents/django_venv/lib/python3.8/site-packages/django/conf/urls/__init__.py": {"executed_lines": [1, 3, 4, 5, 7, 9, 10, 11, 12, 15], "summary": {"covered_lines": 10, "num_statements": 12, "percent_covered": 83.33333333333333, "missing_lines": 2, "excluded_lines": 0, "num_branches": 0, "num_partial_branches": 0, "covered_branches": 0, "missing_branches": 0}, "missing_lines": [16, 22], "excluded_lines": []}, "/home/main/Documents/django_venv/lib/python3.8/site-packages/django/conf/urls/static.py": {"executed_lines": [1, 2, 4, 5, 6, 7, 10, 21, 23, 26], "summary": {"covered_lines": 10, "num_statements": 12, "percent_covered": 75.0, "missing_lines": 2, "excluded_lines": 0, "num_branches": 4, "num_partial_branches": 2, "covered_branches": 2, "missing_branches": 2}, "missing_lines": [22, 25], "excluded_lines": []}, "/home/main/Documents/django_venv/lib/python3.8/site-packages/django/contrib/auth/__init__.py": {"executed_lines": [156, 157], "summary": {"covered_lines": 2, "num_statements": 118, "percent_covered": 1.25, "missing_lines": 116, "excluded_lines": 0, "num_branches": 42, "num_partial_branches": 0, "covered_branches": 0, "missing_branches": 42}, "missing_lines": [1, 2, 4, 5, 6, 7, 8, 9, 11, 13, 14, 15, 16, 19, 20, 23, 24, 25, 26, 27, 28, 29, 33, 36, 37, 40, 47, 48, 49, 50, 51, 52, 55, 58, 61, 65, 66, 67, 68, 69, 71, 72, 73, 74, 76, 77, 78, 80, 81, 84, 87, 93, 94, 95, 96, 97, 99, 100, 106, 108, 110, 111, 112, 113, 114, 115, 117, 123, 124, 126, 127, 128, 129, 130, 131, 132, 135, 142, 143, 144, 145, 146, 147, 148, 149, 152, 158, 159, 160, 161, 166, 171, 172, 173, 174, 175, 176, 177, 179, 180, 181, 183, 184, 185, 189, 190, 195, 196, 198, 201, 205, 208, 217, 218, 219, 222], "excluded_lines": []}, "/home/main/Documents/django_venv/lib/python3.8/site-packages/django/contrib/auth/backends.py": {"executed_lines": [1, 2, 3, 5, 8, 9, 12, 15, 18, 21, 27, 31, 32, 36, 51, 59, 62, 67, 86, 93, 100, 107, 110, 119, 155, 163, 164, 168, 169, 181, 183, 213, 222, 231, 232], "summary": {"covered_lines": 33, "num_statements": 116, "percent_covered": 21.428571428571427, "missing_lines": 83, "excluded_lines": 0, "num_branches": 38, "num_partial_branches": 0, "covered_branches": 0, "missing_branches": 38}, "missing_lines": [10, 13, 16, 19, 22, 28, 37, 38, 39, 40, 41, 42, 43, 46, 48, 49, 56, 57, 60, 63, 64, 65, 73, 74, 76, 77, 78, 79, 81, 82, 83, 84, 91, 98, 101, 102, 103, 104, 105, 108, 114, 124, 125, 126, 127, 128, 132, 133, 137, 138, 139, 141, 142, 143, 145, 147, 148, 149, 150, 151, 153, 156, 157, 158, 159, 160, 165, 192, 193, 194, 195, 200, 201, 204, 205, 207, 208, 209, 210, 211, 220, 228, 233], "excluded_lines": []}, "/home/main/Documents/django_venv/lib/python3.8/site-packages/django/contrib/auth/middleware.py": {"executed_lines": [1, 2, 3, 4, 5, 6, 9, 15, 16, 17, 23, 26, 27, 43, 44, 46, 84, 97, 112, 113, 122], "summary": {"covered_lines": 19, "num_statements": 51, "percent_covered": 29.850746268656717, "missing_lines": 32, "excluded_lines": 0, "num_branches": 16, "num_partial_branches": 1, "covered_branches": 1, "missing_branches": 15}, "missing_lines": [10, 11, 12, 48, 49, 55, 56, 57, 61, 62, 63, 67, 68, 69, 73, 77, 78, 81, 82, 89, 90, 91, 92, 93, 94, 95, 102, 103, 104, 106, 108, 109], "excluded_lines": []}, "/home/main/Documents/django_venv/lib/python3.8/site-packages/django/contrib/messages/middleware.py": {"executed_lines": [1, 2, 3, 6, 7, 11, 12, 14, 22, 23, 24, 26], "summary": {"covered_lines": 11, "num_statements": 12, "percent_covered": 81.25, "missing_lines": 1, "excluded_lines": 0, "num_branches": 4, "num_partial_branches": 2, "covered_branches": 2, "missing_branches": 2}, "missing_lines": [25], "excluded_lines": []}, "/home/main/Documents/django_venv/lib/python3.8/site-packages/django/contrib/messages/storage/__init__.py": {"executed_lines": [12], "summary": {"covered_lines": 1, "num_statements": 4, "percent_covered": 25.0, "missing_lines": 3, "excluded_lines": 0, "num_branches": 0, "num_partial_branches": 0, "covered_branches": 0, "missing_branches": 0}, "missing_lines": [1, 2, 5], "excluded_lines": []}, "/home/main/Documents/django_venv/lib/python3.8/site-packages/django/contrib/messages/storage/base.py": {"executed_lines": [1, 2, 4, 7, 8, 14, 19, 27, 32, 35, 36, 39, 40, 44, 45, 52, 53, 54, 55, 56, 57, 59, 62, 69, 72, 73, 83, 98, 109, 113, 116, 123, 124, 126, 130, 148, 159, 171], "summary": {"covered_lines": 36, "num_statements": 78, "percent_covered": 39.0, "missing_lines": 42, "excluded_lines": 0, "num_branches": 22, "num_partial_branches": 3, "covered_branches": 3, "missing_branches": 19}, "missing_lines": [15, 16, 17, 24, 25, 28, 29, 30, 33, 37, 41, 60, 63, 64, 65, 66, 67, 70, 78, 79, 80, 81, 96, 107, 114, 125, 127, 128, 137, 138, 140, 141, 142, 144, 145, 146, 155, 156, 157, 166, 167, 169], "excluded_lines": []}, "/home/main/Documents/django_venv/lib/python3.8/site-packages/django/contrib/messages/storage/cookie.py": {"executed_lines": [1, 3, 4, 5, 6, 7, 8, 11, 12, 15, 17, 28, 29, 33, 45, 50, 51, 54, 58, 59, 60, 62, 63, 64, 66, 81, 101, 130, 142, 155, 181], "summary": {"covered_lines": 28, "num_statements": 93, "percent_covered": 21.705426356589147, "missing_lines": 65, "excluded_lines": 0, "num_branches": 36, "num_partial_branches": 0, "covered_branches": 0, "missing_branches": 36}, "missing_lines": [18, 20, 21, 22, 23, 24, 25, 34, 35, 36, 37, 38, 39, 40, 41, 43, 46, 47, 73, 74, 75, 76, 78, 79, 86, 87, 95, 110, 111, 112, 115, 117, 118, 120, 121, 122, 124, 125, 127, 128, 139, 140, 150, 151, 152, 153, 162, 163, 164, 165, 166, 170, 171, 172, 173, 174, 175, 178, 179, 183, 184, 185, 186, 187, 188], "excluded_lines": []}, "/home/main/Documents/django_venv/lib/python3.8/site-packages/django/contrib/messages/storage/fallback.py": {"executed_lines": [1, 2, 3, 6, 7, 11, 13, 14, 15, 17, 19, 38], "summary": {"covered_lines": 11, "num_statements": 29, "percent_covered": 28.88888888888889, "missing_lines": 18, "excluded_lines": 0, "num_branches": 16, "num_partial_branches": 0, "covered_branches": 2, "missing_branches": 14}, "missing_lines": [23, 24, 25, 27, 28, 29, 30, 31, 34, 35, 36, 46, 47, 48, 51, 52, 53, 54], "excluded_lines": []}, "/home/main/Documents/django_venv/lib/python3.8/site-packages/django/contrib/messages/storage/session.py": {"executed_lines": [1, 3, 4, 9, 10, 13, 15, 16, 20, 22, 30, 40, 44], "summary": {"covered_lines": 12, "num_statements": 22, "percent_covered": 46.15384615384615, "missing_lines": 10, "excluded_lines": 0, "num_branches": 4, "num_partial_branches": 0, "covered_branches": 0, "missing_branches": 4}, "missing_lines": [28, 34, 35, 37, 38, 41, 42, 45, 46, 47], "excluded_lines": []}, "/home/main/Documents/django_venv/lib/python3.8/site-packages/django/contrib/messages/utils.py": {"executed_lines": [1, 2, 5, 9], "summary": {"covered_lines": 4, "num_statements": 4, "percent_covered": 100.0, "missing_lines": 0, "excluded_lines": 0, "num_branches": 0, "num_partial_branches": 0, "covered_branches": 0, "missing_branches": 0}, "missing_lines": [], "excluded_lines": []}, "/home/main/Documents/django_venv/lib/python3.8/site-packages/django/contrib/sessions/backends/__init__.py": {"executed_lines": [1], "summary": {"covered_lines": 0, "num_statements": 0, "percent_covered": 100.0, "missing_lines": 0, "excluded_lines": 0, "num_branches": 0, "num_partial_branches": 0, "covered_branches": 0, "missing_branches": 0}, "missing_lines": [], "excluded_lines": []}, "/home/main/Documents/django_venv/lib/python3.8/site-packages/django/contrib/sessions/backends/base.py": {"executed_lines": [1, 2, 3, 4, 5, 7, 8, 9, 10, 11, 12, 15, 16, 17, 21, 24, 25, 29, 32, 33, 36, 39, 40, 43, 44, 46, 48, 49, 50, 51, 52, 54, 57, 67, 71, 75, 76, 79, 82, 87, 95, 98, 101, 104, 109, 119, 136, 142, 161, 165, 168, 171, 174, 177, 185, 187, 188, 189, 190, 192, 199, 204, 209, 211, 212, 214, 218, 221, 223, 224, 226, 241, 243, 246, 271, 292, 318, 329, 338, 351, 357, 365, 373, 380, 386, 387], "summary": {"covered_lines": 83, "num_statements": 213, "percent_covered": 34.008097165991906, "missing_lines": 130, "excluded_lines": 0, "num_branches": 34, "num_partial_branches": 1, "covered_branches": 1, "missing_branches": 33}, "missing_lines": [55, 58, 59, 65, 68, 69, 72, 73, 77, 80, 83, 84, 85, 88, 89, 91, 92, 93, 96, 99, 102, 106, 107, 112, 113, 114, 120, 121, 124, 125, 128, 129, 130, 131, 132, 133, 134, 138, 139, 140, 144, 145, 147, 148, 149, 150, 152, 153, 156, 157, 158, 159, 162, 163, 166, 169, 172, 175, 181, 182, 183, 195, 196, 197, 200, 201, 202, 219, 231, 232, 233, 234, 235, 236, 238, 239, 244, 252, 253, 254, 255, 259, 260, 261, 262, 264, 265, 266, 267, 268, 269, 277, 278, 279, 280, 282, 283, 284, 285, 287, 288, 289, 290, 307, 309, 310, 311, 312, 313, 314, 315, 316, 325, 326, 327, 334, 335, 336, 342, 343, 344, 345, 346, 347, 355, 363, 371, 378, 384, 395], "excluded_lines": []}, "/home/main/Documents/django_venv/lib/python3.8/site-packages/django/contrib/sessions/backends/db.py": {"executed_lines": [1, 3, 6, 7, 8, 9, 12, 13, 16, 17, 19, 20, 26, 27, 30, 42, 46, 49, 62, 74, 97, 107, 108], "summary": {"covered_lines": 22, "num_statements": 68, "percent_covered": 26.829268292682926, "missing_lines": 46, "excluded_lines": 0, "num_branches": 14, "num_partial_branches": 0, "covered_branches": 0, "missing_branches": 14}, "missing_lines": [23, 24, 28, 31, 32, 36, 37, 38, 39, 40, 43, 44, 47, 51, 52, 55, 56, 58, 59, 60, 68, 80, 81, 82, 83, 84, 85, 86, 87, 88, 89, 90, 91, 92, 93, 94, 95, 98, 99, 100, 101, 102, 103, 104, 105, 109], "excluded_lines": []}, "/home/main/Documents/django_venv/lib/python3.8/site-packages/django/contrib/sessions/exceptions.py": {"executed_lines": [1, 4, 5, 6, 9, 10, 11], "summary": {"covered_lines": 5, "num_statements": 5, "percent_covered": 100.0, "missing_lines": 0, "excluded_lines": 0, "num_branches": 0, "num_partial_branches": 0, "covered_branches": 0, "missing_branches": 0}, "missing_lines": [], "excluded_lines": []}, "/home/main/Documents/django_venv/lib/python3.8/site-packages/django/contrib/sessions/middleware.py": {"executed_lines": [1, 2, 4, 5, 6, 7, 8, 9, 12, 15, 16, 17, 18, 19, 20, 22, 23, 24, 26, 32, 33, 34, 35, 40, 49, 51, 79], "summary": {"covered_lines": 27, "num_statements": 44, "percent_covered": 55.55555555555556, "missing_lines": 17, "excluded_lines": 0, "num_branches": 10, "num_partial_branches": 3, "covered_branches": 3, "missing_branches": 7}, "missing_lines": [36, 37, 41, 47, 50, 52, 53, 54, 56, 57, 58, 61, 62, 63, 64, 65, 70], "excluded_lines": []}, "/home/main/Documents/django_venv/lib/python3.8/site-packages/django/contrib/sessions/serializers.py": {"executed_lines": [1, 3, 6, 7, 11, 13, 16, 20], "summary": {"covered_lines": 7, "num_statements": 9, "percent_covered": 77.77777777777777, "missing_lines": 2, "excluded_lines": 0, "num_branches": 0, "num_partial_branches": 0, "covered_branches": 0, "missing_branches": 0}, "missing_lines": [14, 17], "excluded_lines": []}, "/home/main/Documents/django_venv/lib/python3.8/site-packages/django/contrib/staticfiles/handlers.py": {"executed_lines": [38, 75, 76], "summary": {"covered_lines": 3, "num_statements": 51, "percent_covered": 7.2727272727272725, "missing_lines": 48, "excluded_lines": 0, "num_branches": 4, "num_partial_branches": 1, "covered_branches": 1, "missing_branches": 3}, "missing_lines": [1, 2, 4, 6, 7, 8, 9, 10, 11, 12, 15, 21, 23, 26, 28, 29, 30, 32, 40, 44, 45, 47, 49, 51, 52, 53, 54, 55, 57, 58, 59, 60, 61, 64, 69, 70, 71, 72, 74, 77, 80, 85, 86, 87, 89, 91, 94, 96], "excluded_lines": []}, "/home/main/Documents/django_venv/lib/python3.8/site-packages/django/contrib/staticfiles/urls.py": {"executed_lines": [1, 2, 3, 5, 8, 12, 13, 14, 18, 19], "summary": {"covered_lines": 10, "num_statements": 10, "percent_covered": 85.71428571428571, "missing_lines": 0, "excluded_lines": 0, "num_branches": 4, "num_partial_branches": 2, "covered_branches": 2, "missing_branches": 2}, "missing_lines": [], "excluded_lines": []}, "/home/main/Documents/django_venv/lib/python3.8/site-packages/django/core/cache/__init__.py": {"executed_lines": [84, 120], "summary": {"covered_lines": 2, "num_statements": 59, "percent_covered": 4.615384615384615, "missing_lines": 57, "excluded_lines": 0, "num_branches": 6, "num_partial_branches": 1, "covered_branches": 1, "missing_branches": 5}, "missing_lines": [15, 17, 18, 19, 22, 24, 29, 32, 33, 35, 36, 37, 38, 40, 41, 42, 44, 45, 47, 48, 49, 50, 51, 52, 54, 57, 63, 64, 66, 67, 68, 69, 70, 71, 72, 74, 75, 79, 80, 81, 83, 87, 90, 97, 98, 100, 101, 103, 104, 106, 107, 109, 110, 113, 116, 121, 124], "excluded_lines": []}, "/home/main/Documents/django_venv/lib/python3.8/site-packages/django/core/handlers/base.py": {"executed_lines": [32, 33, 34, 36, 37, 38, 39, 40, 41, 42, 43, 48, 49, 52, 54, 58, 67, 69, 74, 75, 79, 83, 90, 91, 94, 97, 111, 112, 113, 115, 120, 124, 129, 130, 131, 132, 133, 138, 166, 167, 170, 171, 172, 175, 176, 178, 180, 181, 188, 192, 210, 283, 288, 290, 291, 292, 298, 299, 323, 324, 325, 331, 347], "summary": {"covered_lines": 63, "num_statements": 184, "percent_covered": 32.37410071942446, "missing_lines": 121, "excluded_lines": 0, "num_branches": 94, "num_partial_branches": 15, "covered_branches": 27, "missing_branches": 67}, "missing_lines": [1, 2, 3, 5, 7, 8, 9, 10, 11, 12, 13, 15, 17, 20, 21, 22, 23, 24, 26, 44, 51, 59, 60, 61, 62, 64, 65, 70, 80, 86, 99, 114, 116, 117, 118, 119, 121, 122, 123, 126, 140, 149, 150, 151, 152, 153, 158, 160, 173, 179, 182, 183, 184, 185, 193, 194, 196, 203, 204, 205, 206, 207, 208, 212, 218, 219, 222, 223, 224, 225, 227, 228, 230, 231, 232, 233, 234, 235, 239, 240, 243, 247, 248, 249, 252, 259, 260, 261, 263, 264, 265, 269, 270, 273, 274, 275, 277, 284, 285, 286, 294, 300, 301, 302, 304, 308, 309, 313, 314, 322, 326, 327, 330, 333, 338, 339, 340, 341, 342, 345, 350], "excluded_lines": []}, "/home/main/Documents/django_venv/lib/python3.8/site-packages/django/core/handlers/exception.py": {"executed_lines": [34, 44, 45, 46, 47, 48, 49, 50, 51, 55, 56, 57, 112, 115], "summary": {"covered_lines": 14, "num_statements": 73, "percent_covered": 18.556701030927837, "missing_lines": 59, "excluded_lines": 0, "num_branches": 24, "num_partial_branches": 4, "covered_branches": 4, "missing_branches": 20}, "missing_lines": [1, 2, 3, 4, 6, 8, 9, 10, 14, 15, 16, 17, 18, 21, 35, 36, 37, 38, 39, 40, 41, 42, 54, 59, 61, 62, 63, 70, 71, 72, 79, 80, 83, 87, 88, 92, 93, 95, 97, 99, 102, 103, 104, 113, 118, 119, 120, 121, 122, 123, 124, 126, 129, 134, 135, 137, 138, 141, 142], "excluded_lines": []}, "/home/main/Documents/django_venv/lib/python3.8/site-packages/django/core/handlers/wsgi.py": {"executed_lines": [18, 19, 20, 21, 24, 25, 26, 27, 66, 69, 70, 71, 75, 77, 78, 79, 80, 82, 83, 84, 85, 86, 87, 88, 89, 92, 110, 111, 126, 127, 130, 131, 132, 133, 135, 137, 138, 142, 143, 147, 148, 149, 154, 156, 167, 175, 177, 185, 187, 196, 200, 209, 210], "summary": {"covered_lines": 53, "num_statements": 127, "percent_covered": 38.853503184713375, "missing_lines": 74, "excluded_lines": 0, "num_branches": 30, "num_partial_branches": 4, "covered_branches": 8, "missing_branches": 22}, "missing_lines": [1, 3, 4, 5, 6, 7, 8, 9, 10, 12, 15, 17, 23, 28, 29, 30, 32, 33, 34, 35, 36, 37, 38, 40, 41, 42, 44, 45, 47, 49, 51, 52, 53, 54, 55, 56, 57, 59, 60, 61, 64, 65, 91, 94, 95, 97, 98, 100, 101, 102, 103, 105, 106, 108, 109, 113, 114, 115, 116, 117, 119, 122, 123, 125, 129, 152, 159, 168, 178, 181, 182, 183, 190, 203], "excluded_lines": []}, "/home/main/Documents/django_venv/lib/python3.8/site-packages/django/core/management/color.py": {"executed_lines": [17, 20, 21, 35, 37, 42, 43, 44, 45, 49, 53, 55, 70, 72], "summary": {"covered_lines": 14, "num_statements": 29, "percent_covered": 51.42857142857143, "missing_lines": 15, "excluded_lines": 0, "num_branches": 6, "num_partial_branches": 2, "covered_branches": 4, "missing_branches": 2}, "missing_lines": [5, 6, 7, 9, 12, 24, 25, 28, 47, 48, 58, 59, 63, 66, 71], "excluded_lines": []}, "/home/main/Documents/django_venv/lib/python3.8/site-packages/django/core/servers/basehttp.py": {"executed_lines": [91, 92, 93, 94, 95, 98, 102, 105, 109, 113, 114, 127, 130, 134, 136, 144, 145, 146, 148, 150, 151, 153, 157, 164, 165, 168, 171, 172, 173, 174, 175, 176, 177, 178, 182, 183, 190, 191, 193, 196, 197], "summary": {"covered_lines": 41, "num_statements": 116, "percent_covered": 38.311688311688314, "missing_lines": 75, "excluded_lines": 0, "num_branches": 38, "num_partial_branches": 8, "covered_branches": 18, "missing_branches": 20}, "missing_lines": [10, 11, 12, 13, 14, 16, 17, 18, 19, 21, 23, 26, 39, 40, 41, 42, 44, 45, 46, 47, 53, 54, 55, 58, 61, 63, 64, 65, 66, 67, 69, 70, 71, 73, 76, 78, 81, 82, 84, 97, 103, 106, 110, 112, 116, 118, 119, 122, 123, 125, 129, 137, 138, 142, 149, 155, 159, 166, 170, 180, 184, 185, 186, 187, 188, 200, 201, 202, 203, 205, 206, 207, 214, 215, 216], "excluded_lines": []}, "/home/main/Documents/django_venv/lib/python3.8/site-packages/django/core/signing.py": {"executed_lines": [76, 77, 78, 151, 152, 153, 158, 161], "summary": {"covered_lines": 8, "num_statements": 92, "percent_covered": 7.894736842105263, "missing_lines": 84, "excluded_lines": 0, "num_branches": 22, "num_partial_branches": 1, "covered_branches": 1, "missing_branches": 21}, "missing_lines": [36, 37, 38, 39, 40, 42, 43, 44, 45, 46, 47, 49, 52, 54, 57, 59, 62, 63, 66, 67, 68, 71, 72, 75, 81, 86, 87, 89, 90, 93, 110, 113, 115, 117, 118, 119, 120, 121, 122, 123, 124, 127, 135, 136, 137, 139, 140, 141, 142, 143, 146, 148, 150, 154, 163, 164, 166, 168, 170, 171, 173, 174, 175, 176, 177, 183, 184, 187, 189, 190, 192, 193, 194, 196, 201, 202, 203, 204, 205, 206, 208, 209, 210, 212], "excluded_lines": []}, "/home/main/Documents/django_venv/lib/python3.8/site-packages/django/core/wsgi.py": {"executed_lines": [12, 13], "summary": {"covered_lines": 2, "num_statements": 5, "percent_covered": 40.0, "missing_lines": 3, "excluded_lines": 0, "num_branches": 0, "num_partial_branches": 0, "covered_branches": 0, "missing_branches": 0}, "missing_lines": [1, 2, 5], "excluded_lines": []}, "/home/main/Documents/django_venv/lib/python3.8/site-packages/django/db/__init__.py": {"executed_lines": [46, 47, 56, 57], "summary": {"covered_lines": 4, "num_statements": 24, "percent_covered": 28.571428571428573, "missing_lines": 20, "excluded_lines": 0, "num_branches": 4, "num_partial_branches": 0, "covered_branches": 4, "missing_branches": 0}, "missing_lines": [1, 2, 9, 16, 18, 21, 27, 28, 30, 31, 33, 34, 36, 37, 41, 45, 50, 55, 60, 61], "excluded_lines": []}, "/home/main/Documents/django_venv/lib/python3.8/site-packages/django/db/backends/base/base.py": {"executed_lines": [51, 55, 56, 58, 59, 64, 66, 68, 70, 73, 76, 79, 80, 81, 84, 85, 86, 91, 95, 101, 103, 104, 105, 106, 107, 108, 154, 188, 190, 191, 192, 194, 195, 196, 197, 199, 200, 201, 202, 203, 205, 208, 217, 218, 219, 227, 228, 229, 232, 235, 236, 237, 250, 251, 252, 259, 285, 286, 291, 293, 294, 296, 300, 389, 390, 404, 405, 407, 412, 415, 417, 419, 441, 446, 507, 510, 516, 523, 524, 525, 531, 532, 551, 575, 586], "summary": {"covered_lines": 85, "num_statements": 335, "percent_covered": 24.938875305623473, "missing_lines": 250, "excluded_lines": 0, "num_branches": 74, "num_partial_branches": 13, "covered_branches": 17, "missing_branches": 57}, "missing_lines": [1, 2, 3, 4, 5, 6, 7, 9, 11, 12, 13, 14, 15, 16, 17, 18, 19, 20, 21, 23, 26, 29, 31, 33, 34, 35, 36, 37, 39, 40, 41, 42, 43, 44, 46, 48, 110, 115, 117, 118, 133, 134, 135, 136, 138, 140, 141, 145, 146, 147, 148, 150, 152, 153, 156, 157, 158, 159, 162, 166, 168, 170, 172, 174, 176, 178, 180, 184, 185, 207, 209, 214, 215, 223, 231, 234, 239, 240, 241, 242, 244, 245, 246, 247, 249, 256, 257, 261, 262, 264, 265, 266, 268, 269, 271, 272, 274, 275, 276, 278, 279, 280, 282, 283, 292, 297, 298, 304, 305, 306, 308, 309, 310, 312, 313, 314, 316, 318, 322, 323, 329, 330, 332, 333, 335, 336, 338, 339, 341, 343, 344, 348, 349, 351, 352, 355, 359, 360, 364, 365, 367, 368, 370, 371, 375, 379, 383, 387, 392, 413, 420, 421, 423, 425, 426, 428, 430, 434, 435, 437, 439, 442, 445, 447, 453, 454, 458, 459, 460, 462, 463, 465, 471, 473, 478, 480, 486, 490, 499, 502, 511, 512, 517, 518, 520, 521, 529, 530, 534, 535, 536, 538, 539, 540, 541, 542, 544, 552, 562, 567, 569, 570, 577, 582, 584, 588, 590, 592, 593, 601, 602, 603, 604, 606, 607, 609, 610, 618, 619, 620, 621, 623, 625, 629, 630, 632, 634, 635, 637, 638, 639, 643, 645, 646, 647, 648, 649, 650, 651, 653, 654, 659, 660, 661, 663, 665, 671, 672, 673, 674], "excluded_lines": []}, "/home/main/Documents/django_venv/lib/python3.8/site-packages/django/db/backends/base/client.py": {"executed_lines": [9], "summary": {"covered_lines": 1, "num_statements": 6, "percent_covered": 16.666666666666668, "missing_lines": 5, "excluded_lines": 0, "num_branches": 0, "num_partial_branches": 0, "covered_branches": 0, "missing_branches": 0}, "missing_lines": [1, 5, 7, 11, 12], "excluded_lines": []}, "/home/main/Documents/django_venv/lib/python3.8/site-packages/django/db/backends/base/creation.py": {"executed_lines": [22], "summary": {"covered_lines": 1, "num_statements": 132, "percent_covered": 0.5617977528089888, "missing_lines": 131, "excluded_lines": 0, "num_branches": 46, "num_partial_branches": 0, "covered_branches": 0, "missing_branches": 46}, "missing_lines": [1, 2, 3, 5, 6, 7, 8, 9, 13, 16, 21, 24, 25, 27, 28, 30, 36, 38, 40, 41, 42, 43, 45, 55, 57, 58, 59, 61, 62, 64, 65, 72, 80, 81, 87, 88, 90, 93, 95, 97, 102, 104, 111, 112, 113, 114, 115, 120, 121, 125, 128, 130, 131, 132, 134, 139, 140, 142, 145, 146, 147, 148, 151, 153, 157, 162, 169, 170, 171, 173, 174, 176, 180, 181, 186, 187, 188, 189, 192, 193, 195, 196, 197, 200, 201, 202, 203, 206, 207, 208, 209, 210, 212, 213, 215, 217, 221, 223, 224, 225, 226, 227, 234, 236, 243, 244, 246, 250, 254, 259, 260, 261, 263, 265, 266, 267, 268, 269, 276, 277, 280, 281, 282, 284, 292, 293, 296, 300, 302, 308, 309], "excluded_lines": []}, "/home/main/Documents/django_venv/lib/python3.8/site-packages/django/db/backends/base/features.py": {"executed_lines": [322], "summary": {"covered_lines": 1, "num_statements": 139, "percent_covered": 0.7092198581560284, "missing_lines": 138, "excluded_lines": 0, "num_branches": 2, "num_partial_branches": 0, "covered_branches": 0, "missing_branches": 2}, "missing_lines": [1, 2, 5, 6, 7, 8, 9, 10, 13, 18, 22, 24, 26, 27, 28, 29, 30, 31, 35, 36, 37, 38, 39, 40, 43, 47, 50, 55, 58, 61, 62, 65, 68, 72, 75, 78, 81, 84, 88, 91, 94, 97, 100, 103, 107, 110, 114, 117, 120, 125, 128, 131, 134, 137, 140, 143, 146, 149, 152, 156, 157, 161, 164, 167, 170, 173, 176, 179, 182, 185, 188, 191, 192, 194, 199, 202, 205, 208, 211, 214, 217, 220, 224, 228, 232, 235, 238, 239, 240, 241, 242, 246, 249, 252, 253, 254, 257, 261, 265, 266, 269, 272, 275, 279, 282, 286, 290, 293, 294, 298, 302, 305, 307, 309, 311, 313, 316, 319, 321, 324, 325, 327, 329, 330, 332, 333, 334, 335, 336, 337, 338, 339, 340, 341, 343, 344, 345, 346], "excluded_lines": []}, "/home/main/Documents/django_venv/lib/python3.8/site-packages/django/db/backends/base/introspection.py": {"executed_lines": [15], "summary": {"covered_lines": 1, "num_statements": 68, "percent_covered": 1.0, "missing_lines": 67, "excluded_lines": 0, "num_branches": 32, "num_partial_branches": 0, "covered_branches": 0, "missing_branches": 32}, "missing_lines": [1, 4, 7, 10, 12, 14, 17, 25, 27, 33, 35, 42, 43, 45, 46, 47, 48, 50, 55, 57, 62, 67, 68, 69, 70, 77, 84, 85, 86, 87, 88, 89, 93, 94, 95, 96, 101, 103, 108, 109, 114, 119, 120, 121, 122, 123, 124, 125, 126, 127, 130, 131, 132, 133, 135, 141, 143, 149, 154, 160, 162, 166, 167, 168, 169, 171, 190], "excluded_lines": []}, "/home/main/Documents/django_venv/lib/python3.8/site-packages/django/db/backends/base/operations.py": {"executed_lines": [57, 58, 93, 194, 214, 215, 216, 223, 224, 266, 331, 332, 333, 571, 593], "summary": {"covered_lines": 15, "num_statements": 258, "percent_covered": 5.9880239520958085, "missing_lines": 243, "excluded_lines": 0, "num_branches": 76, "num_partial_branches": 1, "covered_branches": 5, "missing_branches": 71}, "missing_lines": [1, 2, 3, 5, 7, 8, 9, 10, 11, 14, 19, 23, 34, 42, 44, 47, 48, 49, 50, 51, 54, 56, 60, 67, 69, 75, 77, 85, 87, 95, 100, 102, 106, 108, 114, 116, 120, 125, 129, 131, 137, 139, 145, 147, 153, 155, 160, 162, 167, 169, 175, 176, 178, 180, 185, 187, 196, 201, 203, 207, 213, 217, 218, 219, 221, 229, 240, 241, 242, 243, 244, 245, 247, 249, 251, 258, 260, 268, 273, 275, 280, 282, 287, 289, 294, 296, 305, 310, 315, 317, 323, 325, 335, 340, 342, 344, 346, 355, 357, 363, 365, 369, 371, 375, 377, 383, 385, 401, 403, 405, 409, 410, 411, 413, 421, 423, 431, 433, 435, 437, 439, 440, 441, 443, 452, 454, 456, 460, 462, 468, 470, 478, 479, 480, 481, 482, 483, 484, 485, 487, 489, 494, 495, 496, 498, 503, 504, 505, 507, 512, 513, 514, 515, 516, 518, 523, 525, 530, 532, 540, 541, 542, 543, 544, 546, 554, 555, 556, 557, 558, 559, 560, 561, 562, 564, 573, 574, 575, 577, 586, 588, 595, 602, 603, 605, 606, 608, 613, 615, 620, 622, 628, 630, 631, 632, 633, 634, 635, 637, 638, 639, 640, 641, 642, 643, 644, 645, 647, 648, 649, 650, 651, 652, 653, 654, 655, 657, 661, 662, 663, 665, 666, 667, 671, 675, 677, 678, 679, 680, 681, 682, 683, 684, 685, 686, 687, 688, 689, 690, 692, 693, 695, 696], "excluded_lines": []}, "/home/main/Documents/django_venv/lib/python3.8/site-packages/django/db/backends/base/validation.py": {"executed_lines": [4], "summary": {"covered_lines": 1, "num_statements": 14, "percent_covered": 4.545454545454546, "missing_lines": 13, "excluded_lines": 0, "num_branches": 8, "num_partial_branches": 0, "covered_branches": 0, "missing_branches": 8}, "missing_lines": [1, 3, 6, 7, 9, 10, 12, 16, 20, 21, 23, 24, 25], "excluded_lines": []}, "/home/main/Documents/django_venv/lib/python3.8/site-packages/django/db/backends/sqlite3/base.py": {"executed_lines": [51, 52, 54, 62, 176, 177, 181, 194, 202, 203, 207, 208, 209, 215, 216, 217, 218, 219, 220, 221, 222, 223, 224, 225, 226, 227, 228, 229, 230, 231, 232, 233, 234, 235, 236, 237, 238, 239, 240, 241, 242, 243, 244, 245, 246, 247, 248, 249, 250, 251, 252, 253, 254, 255, 256, 257, 258, 259, 260, 261, 262, 263, 266, 269, 273, 277, 278, 289, 290, 297, 298, 397, 410, 412, 413, 420], "summary": {"covered_lines": 76, "num_statements": 330, "percent_covered": 20.394736842105264, "missing_lines": 254, "excluded_lines": 0, "num_branches": 126, "num_partial_branches": 17, "covered_branches": 17, "missing_branches": 109}, "missing_lines": [4, 5, 6, 7, 8, 9, 10, 11, 12, 13, 14, 16, 18, 19, 20, 21, 22, 23, 24, 25, 26, 27, 29, 30, 31, 32, 33, 34, 37, 41, 44, 53, 57, 65, 66, 67, 70, 72, 73, 74, 75, 76, 78, 81, 82, 83, 87, 117, 123, 131, 156, 157, 166, 167, 169, 170, 171, 172, 173, 175, 178, 195, 205, 206, 214, 265, 268, 271, 272, 280, 286, 288, 294, 300, 301, 302, 306, 307, 309, 310, 311, 313, 321, 322, 323, 324, 326, 331, 332, 335, 336, 337, 343, 352, 353, 354, 355, 356, 357, 358, 359, 360, 361, 374, 375, 384, 385, 387, 394, 396, 400, 403, 409, 411, 415, 416, 417, 419, 423, 424, 425, 426, 427, 428, 429, 430, 431, 432, 433, 434, 435, 436, 437, 438, 439, 440, 441, 442, 445, 446, 447, 448, 449, 450, 451, 452, 453, 454, 455, 456, 457, 458, 459, 460, 463, 464, 465, 466, 467, 468, 469, 470, 471, 472, 473, 474, 475, 478, 479, 480, 481, 482, 485, 486, 487, 488, 489, 492, 493, 494, 495, 496, 497, 498, 499, 500, 501, 502, 503, 504, 505, 507, 510, 511, 512, 513, 514, 515, 516, 517, 518, 519, 520, 521, 522, 523, 524, 525, 526, 527, 528, 529, 530, 531, 534, 535, 536, 537, 538, 539, 540, 541, 544, 545, 551, 552, 553, 554, 555, 557, 558, 559, 562, 565, 566, 567, 568, 569, 581, 582, 583, 584, 585, 588, 589, 590, 593, 594, 595, 596, 597, 600, 601, 602], "excluded_lines": []}, "/home/main/Documents/django_venv/lib/python3.8/site-packages/django/db/backends/sqlite3/creation.py": {"executed_lines": [13], "summary": {"covered_lines": 1, "num_statements": 69, "percent_covered": 1.0309278350515463, "missing_lines": 68, "excluded_lines": 0, "num_branches": 28, "num_partial_branches": 0, "covered_branches": 0, "missing_branches": 28}, "missing_lines": [1, 2, 3, 4, 6, 9, 11, 12, 17, 18, 19, 20, 21, 23, 24, 26, 27, 28, 30, 31, 34, 35, 36, 40, 41, 42, 43, 44, 45, 47, 48, 49, 51, 52, 53, 54, 55, 57, 58, 60, 61, 62, 64, 66, 67, 68, 69, 70, 73, 74, 75, 76, 77, 78, 79, 80, 81, 82, 84, 85, 87, 89, 97, 98, 99, 100, 102, 103], "excluded_lines": []}, "/home/main/Documents/django_venv/lib/python3.8/site-packages/django/db/backends/sqlite3/operations.py": {"executed_lines": [42, 43, 44, 59, 130, 131, 138, 141, 143, 144, 146, 153, 154, 155, 160, 167, 169, 264, 265, 266, 267, 268, 270, 272, 274, 275, 276, 277, 278, 281, 286, 317, 318, 319, 322], "summary": {"covered_lines": 35, "num_statements": 206, "percent_covered": 17.532467532467532, "missing_lines": 171, "excluded_lines": 0, "num_branches": 102, "num_partial_branches": 11, "covered_branches": 19, "missing_branches": 83}, "missing_lines": [1, 2, 3, 4, 5, 7, 8, 9, 10, 11, 12, 13, 14, 15, 18, 19, 20, 24, 26, 34, 35, 36, 37, 39, 41, 45, 46, 47, 48, 51, 53, 54, 64, 69, 75, 77, 78, 80, 82, 84, 85, 87, 88, 90, 91, 92, 93, 95, 96, 100, 101, 105, 106, 110, 111, 115, 116, 118, 119, 121, 132, 133, 134, 135, 136, 148, 157, 158, 159, 164, 166, 168, 171, 172, 174, 175, 184, 189, 190, 191, 193, 194, 197, 199, 200, 203, 204, 209, 210, 211, 212, 214, 215, 216, 217, 232, 233, 234, 237, 238, 241, 242, 243, 245, 247, 249, 250, 251, 254, 255, 258, 259, 261, 263, 269, 271, 273, 280, 282, 283, 284, 285, 288, 289, 290, 291, 292, 294, 295, 296, 297, 298, 300, 303, 304, 305, 307, 308, 309, 311, 312, 313, 314, 316, 321, 324, 325, 330, 333, 334, 335, 336, 337, 339, 340, 341, 342, 343, 344, 345, 347, 349, 351, 352, 353, 354, 355, 356, 357, 359, 360], "excluded_lines": []}, "/home/main/Documents/django_venv/lib/python3.8/site-packages/django/db/backends/utils.py": {"executed_lines": [16, 17, 22, 23, 24, 26, 66, 72, 73, 75, 78, 79, 80, 84, 97, 98, 106, 107, 108, 110, 111, 112, 113, 114, 115, 119, 123], "summary": {"covered_lines": 27, "num_statements": 139, "percent_covered": 18.07909604519774, "missing_lines": 112, "excluded_lines": 0, "num_branches": 38, "num_partial_branches": 3, "covered_branches": 5, "missing_branches": 33}, "missing_lines": [1, 2, 3, 4, 5, 6, 7, 9, 11, 14, 15, 19, 21, 28, 29, 30, 32, 33, 35, 39, 40, 41, 42, 47, 50, 51, 55, 56, 57, 58, 59, 60, 62, 63, 65, 68, 69, 71, 74, 77, 82, 86, 87, 88, 89, 92, 96, 100, 101, 102, 104, 105, 116, 118, 136, 137, 140, 141, 142, 143, 144, 145, 147, 148, 151, 154, 155, 156, 157, 158, 160, 161, 162, 163, 164, 165, 166, 167, 168, 170, 171, 182, 189, 190, 191, 192, 193, 196, 204, 206, 207, 209, 210, 213, 218, 219, 220, 221, 224, 229, 230, 231, 232, 233, 234, 235, 237, 238, 239, 242, 248, 249], "excluded_lines": []}, "/home/main/Documents/django_venv/lib/python3.8/site-packages/django/db/models/base.py": {"executed_lines": [387, 389, 390, 408, 409, 410, 411, 413, 416, 422, 426, 427, 432, 433, 435, 448, 488, 502, 503, 507, 513, 514, 515, 516], "summary": {"covered_lines": 24, "num_statements": 949, "percent_covered": 2.1639344262295084, "missing_lines": 925, "excluded_lines": 0, "num_branches": 576, "num_partial_branches": 7, "covered_branches": 9, "missing_branches": 567}, "missing_lines": [1, 2, 3, 4, 5, 7, 8, 9, 10, 11, 15, 19, 22, 23, 24, 25, 28, 29, 30, 31, 32, 35, 36, 37, 38, 39, 42, 43, 44, 46, 47, 50, 53, 61, 67, 69, 72, 74, 75, 79, 80, 81, 84, 85, 86, 87, 88, 89, 93, 94, 95, 96, 98, 99, 101, 102, 103, 105, 108, 110, 111, 112, 113, 120, 122, 123, 124, 133, 142, 146, 147, 148, 149, 151, 155, 156, 160, 161, 164, 169, 172, 173, 174, 175, 176, 177, 182, 183, 184, 185, 186, 187, 188, 189, 190, 192, 195, 196, 198, 199, 201, 202, 204, 205, 206, 207, 210, 212, 213, 216, 217, 219, 220, 223, 224, 225, 234, 237, 238, 239, 240, 241, 242, 243, 251, 252, 264, 265, 267, 268, 270, 273, 274, 277, 278, 281, 282, 283, 284, 287, 291, 292, 293, 294, 303, 304, 305, 306, 310, 312, 316, 317, 318, 320, 321, 322, 324, 325, 326, 328, 330, 332, 333, 335, 336, 337, 344, 345, 346, 347, 350, 351, 353, 354, 355, 357, 358, 359, 363, 364, 365, 370, 371, 372, 374, 376, 377, 378, 380, 381, 382, 385, 386, 388, 393, 395, 400, 401, 404, 406, 424, 434, 438, 439, 440, 441, 442, 443, 449, 451, 452, 453, 454, 455, 457, 458, 459, 460, 462, 463, 464, 466, 467, 468, 473, 475, 477, 482, 483, 485, 486, 489, 490, 491, 494, 495, 496, 497, 498, 499, 500, 501, 505, 506, 508, 509, 518, 519, 521, 522, 524, 525, 526, 527, 528, 529, 530, 531, 532, 534, 535, 536, 537, 539, 540, 541, 542, 543, 545, 547, 548, 549, 550, 552, 553, 554, 555, 556, 564, 569, 571, 572, 573, 575, 576, 577, 578, 579, 581, 583, 587, 592, 607, 608, 610, 611, 612, 613, 614, 615, 616, 617, 618, 622, 623, 626, 627, 628, 629, 630, 631, 633, 635, 636, 637, 638, 640, 641, 643, 644, 647, 648, 649, 651, 653, 664, 665, 666, 667, 668, 670, 683, 686, 687, 688, 689, 696, 698, 699, 700, 704, 707, 710, 711, 713, 714, 715, 717, 718, 722, 723, 725, 726, 728, 729, 730, 732, 733, 735, 737, 738, 744, 745, 746, 747, 748, 749, 750, 751, 753, 755, 757, 768, 769, 770, 771, 773, 774, 775, 776, 777, 782, 783, 785, 786, 787, 788, 789, 790, 795, 797, 800, 801, 806, 808, 810, 811, 812, 814, 816, 817, 818, 822, 823, 825, 826, 832, 833, 834, 836, 842, 843, 845, 846, 849, 850, 851, 852, 853, 854, 855, 856, 858, 865, 867, 868, 869, 871, 872, 874, 875, 876, 877, 878, 879, 882, 883, 884, 890, 891, 892, 894, 895, 896, 897, 898, 899, 901, 906, 907, 913, 914, 915, 926, 928, 933, 938, 939, 940, 945, 946, 947, 949, 951, 952, 953, 955, 957, 958, 959, 960, 961, 962, 963, 964, 965, 968, 969, 970, 971, 973, 974, 975, 976, 977, 978, 979, 980, 985, 986, 988, 989, 990, 991, 993, 1000, 1002, 1007, 1009, 1010, 1012, 1013, 1015, 1016, 1018, 1026, 1027, 1028, 1030, 1031, 1032, 1033, 1034, 1035, 1036, 1040, 1041, 1042, 1044, 1046, 1047, 1048, 1049, 1052, 1057, 1058, 1059, 1061, 1062, 1063, 1064, 1065, 1066, 1067, 1068, 1069, 1070, 1071, 1072, 1073, 1074, 1076, 1077, 1079, 1083, 1084, 1085, 1086, 1088, 1091, 1092, 1094, 1095, 1098, 1099, 1101, 1109, 1110, 1111, 1112, 1113, 1114, 1116, 1117, 1119, 1121, 1122, 1123, 1124, 1127, 1128, 1129, 1130, 1131, 1132, 1133, 1135, 1136, 1138, 1141, 1142, 1144, 1145, 1148, 1150, 1151, 1152, 1153, 1167, 1168, 1170, 1178, 1179, 1180, 1181, 1189, 1190, 1191, 1197, 1202, 1203, 1204, 1206, 1208, 1209, 1210, 1211, 1215, 1216, 1217, 1218, 1221, 1222, 1223, 1224, 1225, 1226, 1227, 1228, 1230, 1231, 1233, 1238, 1239, 1241, 1242, 1243, 1244, 1247, 1248, 1249, 1250, 1251, 1252, 1253, 1255, 1256, 1258, 1259, 1260, 1261, 1262, 1263, 1268, 1275, 1278, 1279, 1280, 1288, 1290, 1291, 1293, 1294, 1295, 1296, 1297, 1298, 1304, 1305, 1306, 1315, 1317, 1318, 1319, 1320, 1321, 1322, 1328, 1330, 1331, 1333, 1334, 1335, 1336, 1338, 1339, 1341, 1342, 1343, 1344, 1345, 1346, 1348, 1349, 1353, 1354, 1356, 1359, 1362, 1364, 1365, 1366, 1367, 1377, 1378, 1380, 1381, 1383, 1385, 1386, 1395, 1397, 1398, 1400, 1401, 1404, 1405, 1406, 1407, 1408, 1420, 1421, 1426, 1427, 1428, 1429, 1431, 1432, 1437, 1438, 1439, 1449, 1450, 1452, 1454, 1455, 1457, 1458, 1460, 1461, 1464, 1465, 1475, 1477, 1479, 1480, 1481, 1482, 1483, 1484, 1492, 1493, 1501, 1503, 1504, 1505, 1506, 1507, 1511, 1512, 1513, 1521, 1523, 1524, 1525, 1526, 1527, 1535, 1537, 1538, 1540, 1541, 1549, 1550, 1559, 1560, 1561, 1562, 1564, 1565, 1567, 1568, 1576, 1577, 1586, 1587, 1588, 1589, 1591, 1592, 1594, 1595, 1598, 1599, 1607, 1608, 1616, 1617, 1618, 1619, 1620, 1624, 1625, 1626, 1638, 1639, 1640, 1642, 1643, 1644, 1648, 1649, 1650, 1651, 1652, 1654, 1655, 1656, 1657, 1658, 1659, 1669, 1670, 1680, 1681, 1690, 1692, 1693, 1698, 1699, 1707, 1708, 1710, 1711, 1719, 1720, 1723, 1726, 1729, 1730, 1731, 1732, 1733, 1735, 1736, 1739, 1740, 1741, 1742, 1743, 1745, 1746, 1748, 1749, 1750, 1752, 1753, 1754, 1757, 1768, 1771, 1775, 1776, 1781, 1783, 1784, 1792, 1794, 1795, 1800, 1801, 1802, 1803, 1804, 1807, 1809, 1810, 1811, 1812, 1813, 1814, 1816, 1817, 1818, 1819, 1820, 1821, 1823, 1824, 1826, 1827, 1831, 1832, 1843, 1845, 1846, 1850, 1851, 1852, 1853, 1867, 1869, 1870, 1871, 1872, 1873, 1874, 1875, 1876, 1883, 1894, 1901, 1913, 1920, 1932, 1941, 1942, 1943, 1944, 1945, 1946, 1951, 1952, 1953, 1954, 1955, 1958, 1959, 1964, 1975, 1977, 1978, 1981, 1982, 1985], "excluded_lines": []}, "/home/main/Documents/django_venv/lib/python3.8/site-packages/django/db/models/expressions.py": {"executed_lines": [164, 165, 168, 169, 170, 173, 180, 183, 186, 222, 247, 248, 249, 254, 258, 267, 268, 269, 270, 279, 280, 281, 282, 299, 300, 323, 324, 325, 327, 328, 334, 348, 360, 386, 387, 532, 602, 611, 612, 613, 628, 679, 680, 686, 687, 688, 689, 696, 701, 704, 705, 706, 771, 772, 773, 774, 782, 783, 784, 785, 796, 797, 798, 808, 809, 823, 829, 890, 891, 892, 897, 899, 900, 901, 910, 920, 921, 922, 923, 924, 925, 928, 929, 930, 931, 932, 933, 934, 935, 936, 937, 938, 964, 966, 967, 968, 969, 978, 984, 985, 986, 987, 988, 989, 992, 993, 994, 997, 998, 1000, 1001, 1002, 1003, 1004, 1005, 1008, 1009, 1010, 1011, 1013, 1014, 1015, 1016, 1017, 1018, 1019, 1020, 1021, 1122, 1124, 1125, 1126, 1127, 1129, 1136, 1139, 1142, 1143, 1144, 1146, 1157, 1158, 1159, 1164, 1165, 1166], "summary": {"covered_lines": 146, "num_statements": 838, "percent_covered": 18.19047619047619, "missing_lines": 692, "excluded_lines": 0, "num_branches": 212, "num_partial_branches": 22, "covered_branches": 45, "missing_branches": 167}, "missing_lines": [1, 2, 3, 4, 6, 7, 8, 9, 10, 11, 12, 13, 16, 21, 22, 23, 24, 25, 26, 27, 28, 31, 38, 39, 40, 41, 42, 45, 50, 51, 52, 53, 54, 56, 57, 59, 60, 62, 64, 65, 66, 72, 73, 75, 76, 78, 79, 81, 82, 84, 85, 87, 88, 90, 91, 93, 94, 95, 96, 100, 101, 103, 104, 106, 107, 109, 110, 112, 113, 114, 115, 119, 120, 122, 123, 125, 126, 128, 129, 131, 132, 134, 135, 137, 138, 140, 141, 145, 146, 151, 152, 156, 157, 159, 161, 163, 167, 172, 179, 182, 185, 192, 218, 220, 221, 224, 225, 226, 228, 229, 230, 232, 256, 257, 260, 261, 262, 264, 265, 271, 273, 274, 283, 285, 301, 302, 303, 310, 312, 313, 314, 316, 317, 326, 329, 330, 331, 333, 336, 337, 339, 340, 341, 345, 347, 350, 351, 352, 353, 354, 355, 356, 358, 362, 363, 365, 366, 368, 369, 371, 376, 377, 378, 379, 381, 388, 390, 391, 392, 393, 394, 395, 396, 397, 398, 399, 400, 401, 403, 405, 406, 407, 409, 410, 411, 412, 414, 415, 418, 420, 423, 425, 426, 427, 428, 429, 431, 432, 434, 435, 437, 438, 440, 441, 443, 444, 445, 446, 447, 448, 449, 450, 451, 452, 455, 456, 459, 460, 461, 462, 463, 464, 465, 466, 467, 469, 470, 471, 473, 474, 475, 476, 477, 478, 481, 482, 483, 484, 485, 486, 487, 489, 490, 491, 492, 494, 495, 496, 497, 498, 499, 500, 501, 502, 503, 505, 506, 507, 510, 511, 513, 514, 516, 517, 518, 519, 520, 523, 524, 527, 534, 535, 537, 539, 541, 542, 544, 545, 547, 548, 550, 551, 554, 561, 563, 564, 569, 570, 574, 575, 577, 578, 580, 581, 584, 585, 586, 587, 588, 590, 591, 594, 596, 597, 598, 599, 601, 603, 615, 616, 617, 618, 619, 620, 621, 623, 625, 627, 630, 631, 633, 634, 635, 636, 637, 638, 640, 641, 642, 643, 644, 645, 646, 647, 648, 652, 653, 655, 656, 657, 658, 659, 661, 662, 663, 664, 665, 668, 670, 682, 683, 685, 690, 691, 693, 694, 695, 700, 703, 708, 709, 712, 713, 714, 715, 716, 717, 720, 721, 722, 723, 724, 725, 727, 728, 730, 731, 733, 734, 736, 738, 739, 740, 741, 742, 743, 744, 747, 748, 749, 751, 752, 755, 756, 758, 759, 761, 762, 765, 767, 768, 770, 776, 777, 778, 779, 781, 787, 788, 789, 790, 792, 793, 795, 802, 807, 811, 812, 814, 815, 817, 818, 820, 825, 826, 828, 831, 832, 835, 841, 843, 844, 845, 846, 848, 849, 852, 858, 859, 860, 862, 863, 865, 866, 868, 869, 870, 871, 872, 875, 877, 878, 880, 881, 884, 885, 887, 889, 893, 898, 903, 904, 906, 907, 909, 912, 913, 915, 917, 919, 927, 940, 942, 943, 944, 945, 948, 960, 961, 963, 965, 971, 972, 974, 975, 977, 980, 981, 983, 991, 996, 999, 1006, 1007, 1012, 1024, 1029, 1030, 1032, 1033, 1034, 1036, 1037, 1039, 1040, 1041, 1042, 1043, 1045, 1046, 1047, 1049, 1050, 1052, 1053, 1055, 1056, 1058, 1059, 1060, 1061, 1063, 1064, 1065, 1067, 1068, 1069, 1070, 1071, 1073, 1074, 1075, 1077, 1078, 1079, 1080, 1081, 1082, 1083, 1086, 1087, 1088, 1090, 1093, 1094, 1095, 1097, 1098, 1099, 1100, 1102, 1103, 1104, 1105, 1106, 1108, 1112, 1113, 1114, 1117, 1118, 1119, 1121, 1123, 1128, 1131, 1132, 1135, 1138, 1141, 1145, 1147, 1149, 1152, 1153, 1156, 1168, 1171, 1172, 1173, 1178, 1179, 1181, 1182, 1183, 1184, 1185, 1187, 1188, 1189, 1190, 1191, 1192, 1194, 1195, 1197, 1198, 1201, 1202, 1206, 1207, 1208, 1210, 1211, 1212, 1213, 1215, 1216, 1221, 1222, 1223, 1224, 1226, 1227, 1228, 1229, 1230, 1234, 1235, 1237, 1238, 1240, 1241, 1243, 1244, 1246, 1247, 1248, 1249, 1250, 1251, 1253, 1254, 1258, 1259, 1261, 1262, 1263, 1264, 1265, 1267, 1268, 1269, 1270, 1272, 1273, 1275, 1280, 1281, 1288, 1289, 1291, 1292, 1295, 1303, 1305, 1306, 1307, 1309, 1310, 1312, 1313, 1315, 1316, 1317, 1318, 1324, 1325, 1327, 1328, 1330, 1331, 1332, 1333, 1334, 1336, 1338, 1339, 1340, 1341, 1343, 1344, 1350, 1351, 1354, 1355, 1357, 1358, 1361, 1362, 1364, 1365], "excluded_lines": []}, "/home/main/Documents/django_venv/lib/python3.8/site-packages/django/db/models/fields/__init__.py": {"executed_lines": [138, 139, 140, 141, 142, 143, 144, 145, 146, 147, 148, 149, 150, 151, 152, 154, 155, 156, 157, 158, 159, 162, 166, 167, 169, 171, 172, 173, 174, 175, 176, 396, 397, 398, 399, 400, 402, 406, 407, 415, 518, 519, 656, 690, 691, 692, 728, 730, 734, 799, 807, 809, 817, 819, 945, 948, 950, 952, 964, 965, 967, 1022, 1025, 1026, 1030, 1031, 1295, 1770, 1771, 1772, 1773, 1774, 1781, 1992, 2037, 2058, 2316, 2387, 2390, 2435, 2438], "summary": {"covered_lines": 81, "num_statements": 1261, "percent_covered": 5.91016548463357, "missing_lines": 1180, "excluded_lines": 0, "num_branches": 431, "num_partial_branches": 11, "covered_branches": 19, "missing_branches": 412}, "missing_lines": [1, 2, 3, 4, 5, 6, 7, 8, 9, 11, 12, 13, 14, 15, 16, 17, 18, 19, 20, 23, 24, 25, 26, 27, 28, 30, 42, 43, 46, 47, 52, 55, 56, 74, 75, 76, 77, 80, 81, 84, 85, 90, 91, 96, 97, 98, 99, 110, 111, 114, 116, 117, 118, 119, 120, 122, 125, 126, 129, 131, 153, 163, 164, 178, 183, 184, 185, 186, 187, 189, 191, 192, 193, 194, 195, 197, 198, 208, 213, 214, 221, 222, 229, 230, 238, 240, 241, 242, 244, 245, 246, 248, 249, 257, 259, 260, 261, 262, 264, 265, 266, 270, 271, 272, 276, 278, 279, 280, 281, 282, 285, 286, 288, 289, 297, 299, 308, 309, 310, 318, 320, 321, 326, 336, 338, 339, 340, 341, 342, 343, 344, 345, 346, 348, 349, 350, 351, 352, 365, 367, 368, 369, 381, 382, 393, 395, 404, 405, 409, 417, 450, 451, 473, 480, 481, 482, 484, 485, 487, 488, 489, 491, 492, 494, 495, 496, 497, 498, 499, 500, 501, 502, 503, 504, 506, 508, 513, 514, 516, 520, 522, 524, 525, 526, 528, 529, 531, 534, 535, 536, 537, 538, 539, 540, 542, 545, 546, 547, 548, 550, 556, 562, 565, 566, 567, 570, 577, 578, 579, 581, 587, 589, 590, 595, 597, 598, 599, 601, 602, 603, 604, 605, 606, 607, 608, 610, 611, 613, 618, 620, 622, 623, 624, 627, 628, 629, 630, 631, 632, 638, 639, 641, 642, 644, 650, 651, 652, 653, 655, 658, 664, 665, 666, 667, 668, 670, 693, 694, 696, 702, 704, 706, 707, 708, 709, 711, 717, 718, 719, 724, 725, 727, 729, 732, 733, 736, 737, 738, 740, 741, 746, 748, 749, 750, 751, 752, 753, 755, 762, 763, 764, 765, 769, 770, 771, 776, 777, 783, 788, 790, 791, 793, 794, 795, 796, 798, 801, 803, 805, 808, 811, 818, 821, 823, 825, 827, 829, 831, 833, 834, 835, 836, 837, 838, 840, 841, 842, 844, 849, 850, 851, 852, 853, 854, 855, 856, 857, 858, 863, 864, 865, 866, 870, 875, 877, 879, 880, 881, 882, 883, 884, 886, 887, 888, 890, 891, 893, 895, 900, 901, 902, 903, 905, 906, 908, 910, 911, 912, 913, 914, 915, 917, 921, 922, 925, 926, 927, 928, 929, 931, 933, 936, 937, 938, 942, 944, 947, 949, 953, 954, 955, 956, 957, 963, 966, 969, 970, 971, 972, 974, 978, 979, 982, 983, 985, 986, 987, 989, 990, 995, 996, 997, 1004, 1006, 1014, 1016, 1017, 1018, 1019, 1021, 1024, 1027, 1029, 1033, 1037, 1039, 1040, 1041, 1042, 1045, 1046, 1047, 1048, 1061, 1063, 1064, 1070, 1074, 1075, 1076, 1077, 1087, 1089, 1090, 1093, 1094, 1095, 1101, 1103, 1105, 1106, 1107, 1108, 1109, 1111, 1116, 1117, 1119, 1120, 1121, 1122, 1123, 1124, 1125, 1126, 1127, 1129, 1132, 1133, 1134, 1135, 1136, 1137, 1149, 1151, 1152, 1153, 1154, 1155, 1156, 1157, 1158, 1159, 1160, 1162, 1163, 1165, 1166, 1167, 1168, 1169, 1172, 1173, 1174, 1175, 1176, 1178, 1179, 1180, 1181, 1182, 1183, 1189, 1195, 1196, 1197, 1198, 1199, 1201, 1203, 1204, 1205, 1206, 1210, 1215, 1216, 1217, 1219, 1221, 1222, 1223, 1225, 1226, 1227, 1229, 1230, 1236, 1237, 1238, 1247, 1251, 1256, 1257, 1259, 1260, 1261, 1262, 1263, 1264, 1265, 1266, 1267, 1268, 1269, 1270, 1271, 1272, 1273, 1274, 1275, 1278, 1279, 1280, 1292, 1294, 1297, 1298, 1299, 1300, 1301, 1302, 1303, 1304, 1309, 1313, 1314, 1315, 1317, 1318, 1319, 1320, 1321, 1322, 1328, 1329, 1330, 1331, 1332, 1333, 1339, 1345, 1346, 1347, 1348, 1349, 1351, 1356, 1357, 1358, 1359, 1363, 1364, 1365, 1366, 1367, 1371, 1372, 1373, 1375, 1377, 1378, 1379, 1381, 1382, 1383, 1385, 1386, 1392, 1393, 1394, 1397, 1399, 1401, 1402, 1404, 1405, 1407, 1411, 1412, 1414, 1415, 1417, 1418, 1419, 1420, 1421, 1422, 1423, 1430, 1431, 1439, 1441, 1442, 1443, 1444, 1445, 1446, 1447, 1454, 1455, 1463, 1465, 1466, 1467, 1474, 1476, 1477, 1478, 1482, 1483, 1484, 1486, 1487, 1488, 1489, 1490, 1491, 1492, 1494, 1495, 1497, 1498, 1499, 1500, 1501, 1502, 1503, 1504, 1505, 1511, 1512, 1514, 1515, 1516, 1518, 1519, 1527, 1534, 1535, 1539, 1541, 1542, 1544, 1545, 1546, 1547, 1548, 1549, 1550, 1551, 1552, 1554, 1555, 1557, 1563, 1564, 1565, 1566, 1567, 1568, 1570, 1571, 1572, 1573, 1574, 1576, 1577, 1578, 1580, 1581, 1587, 1588, 1589, 1591, 1593, 1594, 1596, 1597, 1600, 1602, 1605, 1611, 1612, 1614, 1616, 1617, 1618, 1619, 1621, 1622, 1627, 1628, 1629, 1636, 1638, 1639, 1640, 1641, 1642, 1643, 1644, 1645, 1646, 1647, 1648, 1649, 1650, 1651, 1652, 1654, 1655, 1656, 1657, 1658, 1660, 1661, 1671, 1672, 1675, 1676, 1677, 1680, 1682, 1683, 1684, 1685, 1686, 1687, 1688, 1689, 1693, 1694, 1696, 1697, 1698, 1699, 1700, 1701, 1702, 1708, 1709, 1715, 1716, 1717, 1720, 1722, 1723, 1728, 1729, 1730, 1738, 1740, 1741, 1744, 1745, 1746, 1747, 1756, 1757, 1766, 1767, 1769, 1775, 1776, 1780, 1783, 1784, 1785, 1786, 1787, 1788, 1789, 1795, 1796, 1802, 1803, 1804, 1806, 1807, 1809, 1810, 1817, 1818, 1819, 1820, 1829, 1830, 1831, 1833, 1834, 1835, 1836, 1838, 1839, 1840, 1841, 1842, 1844, 1845, 1848, 1849, 1850, 1851, 1853, 1855, 1856, 1857, 1859, 1860, 1861, 1863, 1864, 1869, 1870, 1871, 1879, 1881, 1882, 1883, 1884, 1885, 1886, 1887, 1888, 1889, 1891, 1892, 1894, 1895, 1896, 1897, 1898, 1899, 1900, 1901, 1902, 1904, 1905, 1906, 1907, 1909, 1910, 1911, 1912, 1913, 1914, 1915, 1916, 1917, 1918, 1920, 1921, 1928, 1929, 1933, 1934, 1943, 1944, 1945, 1946, 1948, 1949, 1950, 1951, 1952, 1954, 1955, 1958, 1960, 1969, 1970, 1972, 1975, 1976, 1978, 1979, 1981, 1982, 1988, 1989, 1991, 1994, 1995, 2001, 2002, 2004, 2005, 2007, 2008, 2014, 2015, 2016, 2018, 2019, 2020, 2021, 2022, 2024, 2025, 2026, 2027, 2028, 2029, 2031, 2032, 2033, 2034, 2036, 2039, 2040, 2047, 2048, 2050, 2051, 2054, 2055, 2057, 2060, 2061, 2062, 2063, 2065, 2066, 2067, 2069, 2073, 2080, 2081, 2082, 2088, 2090, 2092, 2093, 2094, 2095, 2096, 2098, 2103, 2104, 2106, 2107, 2108, 2109, 2110, 2111, 2112, 2113, 2114, 2115, 2116, 2117, 2118, 2119, 2120, 2121, 2122, 2125, 2126, 2127, 2139, 2141, 2142, 2143, 2144, 2145, 2146, 2147, 2148, 2149, 2150, 2152, 2153, 2155, 2156, 2157, 2158, 2159, 2160, 2164, 2166, 2167, 2168, 2169, 2170, 2171, 2177, 2183, 2184, 2185, 2186, 2187, 2189, 2191, 2192, 2193, 2195, 2197, 2198, 2199, 2201, 2202, 2203, 2205, 2206, 2212, 2213, 2214, 2216, 2217, 2218, 2220, 2221, 2222, 2223, 2224, 2226, 2229, 2235, 2236, 2237, 2239, 2240, 2241, 2242, 2243, 2245, 2246, 2248, 2249, 2250, 2258, 2260, 2261, 2262, 2263, 2265, 2266, 2268, 2269, 2271, 2272, 2274, 2275, 2276, 2277, 2278, 2279, 2280, 2282, 2283, 2284, 2285, 2286, 2288, 2290, 2292, 2294, 2295, 2296, 2299, 2300, 2303, 2304, 2306, 2307, 2308, 2310, 2311, 2312, 2313, 2315, 2318, 2319, 2320, 2322, 2323, 2324, 2325, 2326, 2328, 2329, 2330, 2332, 2333, 2334, 2335, 2336, 2337, 2338, 2343, 2345, 2346, 2352, 2353, 2355, 2356, 2357, 2359, 2360, 2365, 2366, 2367, 2375, 2377, 2378, 2379, 2380, 2381, 2383, 2384, 2386, 2388, 2389, 2392, 2393, 2397, 2398, 2400, 2401, 2404, 2421, 2422, 2423, 2425, 2426, 2428, 2429, 2432, 2434, 2437, 2441, 2443, 2444, 2446, 2447, 2450, 2452, 2453, 2455, 2456], "excluded_lines": []}, "/home/main/Documents/django_venv/lib/python3.8/site-packages/django/db/models/fields/mixins.py": {"executed_lines": [22, 25], "summary": {"covered_lines": 2, "num_statements": 29, "percent_covered": 6.0606060606060606, "missing_lines": 27, "excluded_lines": 0, "num_branches": 4, "num_partial_branches": 0, "covered_branches": 0, "missing_branches": 4}, "missing_lines": [1, 3, 6, 9, 10, 12, 13, 14, 15, 16, 17, 18, 19, 21, 24, 27, 28, 31, 32, 34, 35, 36, 51, 53, 54, 55, 56], "excluded_lines": []}, "/home/main/Documents/django_venv/lib/python3.8/site-packages/django/db/models/fields/related.py": {"executed_lines": [426, 441, 675, 676, 708, 712, 713, 714, 897, 977, 1001, 1012, 1013, 1015, 1018, 1019, 1020, 1024], "summary": {"covered_lines": 18, "num_statements": 730, "percent_covered": 2.2770398481973433, "missing_lines": 712, "excluded_lines": 0, "num_branches": 324, "num_partial_branches": 2, "covered_branches": 6, "missing_branches": 318}, "missing_lines": [1, 2, 3, 5, 6, 7, 8, 9, 10, 11, 12, 13, 14, 15, 16, 17, 19, 20, 21, 26, 30, 34, 37, 51, 52, 55, 56, 57, 59, 62, 77, 78, 79, 80, 83, 87, 88, 89, 90, 92, 93, 95, 96, 98, 99, 108, 109, 110, 111, 112, 113, 114, 115, 125, 127, 128, 129, 130, 131, 132, 133, 143, 144, 154, 156, 157, 158, 159, 160, 161, 169, 171, 172, 175, 179, 188, 190, 192, 194, 195, 199, 200, 214, 218, 219, 220, 221, 226, 227, 228, 229, 230, 240, 241, 254, 255, 256, 259, 260, 270, 271, 282, 284, 287, 289, 291, 293, 295, 296, 297, 299, 300, 301, 306, 308, 309, 313, 315, 316, 317, 318, 320, 321, 322, 323, 324, 325, 326, 327, 328, 330, 338, 343, 350, 354, 355, 356, 357, 358, 359, 360, 362, 363, 368, 370, 371, 373, 374, 375, 377, 378, 382, 383, 384, 386, 387, 388, 390, 397, 398, 399, 401, 409, 410, 414, 415, 418, 419, 421, 428, 429, 434, 435, 436, 438, 440, 444, 450, 451, 452, 453, 455, 456, 457, 458, 460, 464, 465, 474, 476, 477, 478, 480, 481, 487, 489, 490, 492, 493, 494, 495, 496, 497, 498, 507, 509, 510, 511, 512, 514, 515, 516, 517, 519, 520, 522, 527, 531, 535, 536, 538, 539, 542, 543, 557, 558, 559, 560, 574, 576, 577, 578, 579, 580, 582, 583, 584, 585, 586, 587, 589, 591, 594, 595, 597, 598, 599, 605, 609, 611, 612, 613, 614, 615, 616, 617, 618, 619, 620, 625, 627, 628, 630, 631, 632, 634, 635, 636, 638, 639, 640, 642, 643, 644, 646, 647, 649, 650, 652, 653, 654, 655, 656, 660, 661, 662, 665, 666, 667, 668, 670, 671, 672, 674, 678, 679, 681, 694, 696, 710, 724, 726, 727, 728, 738, 739, 740, 741, 742, 743, 744, 746, 747, 748, 750, 753, 754, 758, 759, 762, 763, 764, 765, 766, 767, 768, 771, 779, 781, 782, 783, 784, 786, 788, 789, 792, 794, 797, 798, 799, 800, 811, 812, 813, 815, 823, 825, 832, 834, 835, 841, 842, 843, 844, 852, 853, 862, 864, 865, 874, 875, 876, 877, 879, 880, 882, 883, 884, 886, 887, 889, 890, 892, 893, 895, 896, 899, 901, 902, 903, 913, 914, 915, 916, 917, 918, 920, 921, 924, 925, 926, 935, 936, 937, 938, 939, 948, 950, 951, 953, 954, 955, 956, 958, 960, 961, 962, 963, 965, 966, 969, 971, 973, 974, 976, 979, 980, 981, 982, 984, 985, 986, 989, 997, 998, 1000, 1003, 1004, 1006, 1007, 1008, 1009, 1011, 1014, 1017, 1021, 1022, 1023, 1027, 1036, 1037, 1038, 1039, 1041, 1042, 1043, 1045, 1047, 1048, 1049, 1051, 1052, 1053, 1054, 1055, 1057, 1058, 1059, 1060, 1062, 1063, 1064, 1066, 1069, 1070, 1072, 1074, 1077, 1078, 1080, 1081, 1083, 1084, 1085, 1087, 1088, 1089, 1090, 1091, 1093, 1104, 1124, 1135, 1136, 1137, 1138, 1140, 1142, 1144, 1148, 1149, 1150, 1151, 1157, 1158, 1160, 1161, 1165, 1175, 1177, 1179, 1180, 1182, 1183, 1191, 1192, 1193, 1200, 1202, 1203, 1205, 1206, 1214, 1215, 1222, 1224, 1233, 1235, 1236, 1237, 1240, 1242, 1244, 1246, 1256, 1262, 1263, 1264, 1265, 1267, 1268, 1269, 1271, 1272, 1277, 1278, 1293, 1297, 1302, 1303, 1322, 1323, 1342, 1343, 1355, 1358, 1360, 1375, 1381, 1382, 1384, 1387, 1388, 1389, 1390, 1391, 1392, 1397, 1399, 1400, 1401, 1402, 1412, 1414, 1426, 1428, 1429, 1430, 1431, 1436, 1437, 1440, 1441, 1442, 1443, 1444, 1445, 1446, 1447, 1449, 1450, 1451, 1452, 1458, 1459, 1460, 1469, 1471, 1472, 1474, 1475, 1476, 1477, 1479, 1480, 1482, 1486, 1487, 1488, 1489, 1490, 1496, 1497, 1499, 1500, 1501, 1507, 1511, 1513, 1515, 1516, 1517, 1518, 1519, 1520, 1522, 1523, 1528, 1529, 1530, 1531, 1532, 1533, 1535, 1537, 1539, 1540, 1542, 1543, 1545, 1550, 1551, 1552, 1553, 1555, 1556, 1558, 1563, 1564, 1565, 1566, 1567, 1569, 1570, 1571, 1573, 1574, 1576, 1581, 1582, 1583, 1584, 1585, 1586, 1588, 1589, 1590, 1591, 1596, 1597, 1598, 1600, 1601, 1602, 1603, 1604, 1606, 1613, 1617, 1618, 1623, 1625, 1631, 1632, 1633, 1634, 1635, 1636, 1637, 1640, 1643, 1645, 1648, 1649, 1652, 1653, 1655, 1656, 1658, 1659, 1660, 1661, 1663, 1664, 1666, 1667, 1669, 1670, 1672, 1673, 1680, 1681, 1682, 1683, 1684, 1685, 1687, 1688, 1690, 1693, 1695, 1696], "excluded_lines": []}, "/home/main/Documents/django_venv/lib/python3.8/site-packages/django/db/models/fields/related_descriptors.py": {"executed_lines": [77, 79], "summary": {"covered_lines": 2, "num_statements": 540, "percent_covered": 0.4048582995951417, "missing_lines": 538, "excluded_lines": 0, "num_branches": 201, "num_partial_branches": 1, "covered_branches": 1, "missing_branches": 200}, "missing_lines": [66, 67, 68, 69, 70, 71, 72, 75, 76, 78, 82, 95, 96, 98, 99, 103, 114, 115, 117, 118, 120, 121, 122, 123, 125, 126, 127, 128, 129, 137, 138, 140, 141, 145, 146, 147, 148, 149, 151, 152, 154, 156, 166, 167, 172, 173, 174, 175, 176, 177, 180, 183, 185, 186, 187, 188, 192, 193, 194, 196, 197, 201, 203, 214, 215, 223, 224, 225, 226, 227, 228, 229, 231, 236, 243, 248, 249, 251, 252, 256, 257, 261, 266, 267, 269, 275, 278, 290, 291, 292, 295, 296, 301, 302, 303, 304, 305, 306, 307, 309, 310, 313, 314, 316, 320, 321, 322, 323, 326, 339, 342, 344, 345, 348, 359, 360, 362, 363, 365, 366, 367, 368, 370, 371, 372, 373, 374, 378, 379, 380, 381, 383, 395, 396, 401, 402, 403, 404, 405, 406, 408, 409, 410, 411, 412, 417, 418, 420, 421, 428, 430, 446, 450, 451, 454, 457, 458, 460, 469, 470, 471, 472, 473, 474, 476, 478, 479, 483, 487, 489, 491, 494, 510, 511, 512, 514, 515, 516, 518, 523, 533, 534, 536, 538, 539, 544, 545, 551, 559, 560, 561, 563, 564, 565, 567, 569, 570, 571, 572, 573, 575, 579, 580, 581, 582, 583, 584, 585, 586, 587, 588, 589, 594, 595, 596, 599, 604, 605, 606, 608, 609, 610, 611, 612, 614, 615, 616, 617, 618, 619, 621, 622, 623, 625, 626, 628, 629, 630, 631, 632, 636, 637, 638, 639, 640, 642, 643, 644, 645, 647, 648, 649, 652, 654, 655, 656, 657, 658, 659, 663, 664, 668, 669, 670, 671, 672, 674, 675, 676, 677, 678, 680, 681, 682, 683, 684, 686, 687, 688, 689, 690, 693, 694, 695, 696, 697, 698, 699, 700, 701, 705, 706, 708, 711, 712, 714, 715, 716, 718, 719, 720, 721, 722, 724, 726, 727, 728, 729, 730, 732, 735, 737, 738, 739, 740, 741, 742, 744, 745, 746, 747, 748, 750, 752, 753, 755, 756, 758, 761, 778, 779, 781, 783, 784, 788, 790, 791, 792, 794, 800, 801, 807, 815, 816, 817, 819, 821, 822, 823, 824, 825, 826, 827, 829, 830, 831, 832, 833, 834, 836, 837, 839, 840, 842, 843, 844, 845, 846, 847, 849, 850, 851, 857, 858, 862, 863, 864, 865, 866, 868, 869, 872, 874, 875, 876, 877, 878, 879, 881, 882, 884, 888, 889, 890, 891, 892, 894, 895, 896, 897, 898, 900, 901, 902, 903, 904, 905, 907, 908, 909, 911, 912, 914, 915, 924, 925, 926, 927, 928, 931, 946, 947, 948, 949, 950, 956, 957, 963, 965, 966, 967, 968, 970, 971, 972, 973, 978, 979, 980, 982, 987, 989, 992, 994, 995, 996, 997, 998, 1000, 1002, 1003, 1004, 1009, 1010, 1012, 1014, 1015, 1016, 1018, 1019, 1020, 1021, 1022, 1023, 1025, 1026, 1027, 1030, 1031, 1032, 1033, 1035, 1036, 1037, 1040, 1041, 1042, 1043, 1045, 1049, 1050, 1051, 1052, 1053, 1054, 1055, 1060, 1061, 1062, 1066, 1067, 1068, 1073, 1074, 1076, 1081, 1087, 1089, 1103, 1109, 1116, 1118, 1122, 1123, 1125, 1126, 1127, 1128, 1129, 1130, 1137, 1139, 1142, 1143, 1144, 1150, 1158, 1159, 1165, 1170, 1171, 1174, 1175, 1176, 1177, 1178, 1180, 1182, 1183, 1185, 1190, 1191, 1192, 1195, 1196, 1197, 1199, 1205], "excluded_lines": []}, "/home/main/Documents/django_venv/lib/python3.8/site-packages/django/db/models/fields/related_lookups.py": {"executed_lines": [27, 28, 29, 30, 31, 32, 34, 35, 40, 41, 42, 106, 108, 113, 116, 117, 119, 122, 132], "summary": {"covered_lines": 19, "num_statements": 89, "percent_covered": 22.48062015503876, "missing_lines": 70, "excluded_lines": 0, "num_branches": 40, "num_partial_branches": 4, "covered_branches": 10, "missing_branches": 30}, "missing_lines": [1, 7, 8, 10, 11, 12, 14, 15, 18, 19, 22, 23, 26, 33, 36, 39, 43, 46, 47, 48, 50, 55, 58, 59, 60, 62, 63, 67, 71, 72, 73, 74, 75, 76, 77, 78, 79, 80, 82, 87, 89, 91, 92, 97, 99, 100, 101, 104, 105, 121, 123, 124, 125, 126, 127, 128, 129, 131, 135, 136, 139, 140, 143, 144, 147, 148, 151, 152, 155, 156], "excluded_lines": []}, "/home/main/Documents/django_venv/lib/python3.8/site-packages/django/db/models/fields/reverse_related.py": {"executed_lines": [61, 65, 87], "summary": {"covered_lines": 3, "num_statements": 128, "percent_covered": 1.948051948051948, "missing_lines": 125, "excluded_lines": 0, "num_branches": 26, "num_partial_branches": 0, "covered_branches": 0, "missing_branches": 26}, "missing_lines": [12, 13, 15, 16, 19, 28, 29, 30, 31, 35, 36, 38, 40, 41, 42, 43, 44, 45, 46, 48, 49, 55, 56, 57, 59, 60, 63, 64, 67, 68, 73, 74, 75, 76, 78, 79, 80, 81, 83, 85, 86, 89, 90, 91, 93, 94, 95, 97, 98, 99, 101, 102, 104, 105, 107, 108, 109, 111, 112, 118, 129, 130, 131, 132, 133, 137, 139, 141, 142, 144, 145, 147, 155, 157, 164, 165, 166, 168, 169, 170, 171, 172, 174, 175, 177, 182, 185, 200, 202, 211, 213, 214, 215, 216, 218, 222, 223, 224, 225, 227, 228, 231, 239, 241, 250, 253, 261, 264, 271, 272, 273, 275, 276, 277, 279, 280, 282, 287, 288, 289, 291, 292, 293, 294, 295], "excluded_lines": []}, "/home/main/Documents/django_venv/lib/python3.8/site-packages/django/db/models/lookups.py": {"executed_lines": [23, 24, 25, 28, 29, 37, 73, 75, 76, 77, 83, 84, 85, 86, 89, 90, 97, 100, 136, 171, 172, 173, 174, 176, 177, 180, 181, 182, 183, 184, 187, 200, 201, 202, 277, 278, 288, 294, 299, 300, 301, 302, 495, 506, 507, 508], "summary": {"covered_lines": 46, "num_statements": 408, "percent_covered": 10.638297872340425, "missing_lines": 362, "excluded_lines": 0, "num_branches": 156, "num_partial_branches": 10, "covered_branches": 14, "missing_branches": 142}, "missing_lines": [1, 2, 3, 4, 6, 7, 8, 11, 12, 13, 14, 17, 18, 19, 20, 22, 26, 32, 35, 36, 39, 40, 41, 42, 44, 45, 46, 47, 48, 49, 50, 51, 52, 53, 54, 55, 57, 58, 59, 61, 62, 63, 64, 66, 67, 68, 70, 72, 74, 79, 80, 82, 88, 91, 94, 95, 96, 98, 102, 103, 105, 106, 107, 108, 109, 110, 112, 113, 114, 115, 116, 118, 119, 121, 124, 125, 126, 127, 128, 129, 130, 131, 132, 134, 135, 138, 139, 140, 142, 143, 144, 147, 152, 153, 155, 156, 157, 159, 160, 161, 163, 164, 165, 166, 169, 170, 179, 186, 190, 195, 197, 210, 215, 217, 218, 219, 220, 221, 222, 225, 226, 227, 228, 229, 231, 232, 235, 237, 239, 240, 241, 242, 243, 244, 245, 247, 248, 253, 257, 258, 261, 263, 265, 266, 267, 268, 269, 272, 273, 274, 276, 279, 280, 281, 282, 284, 290, 305, 306, 307, 308, 310, 311, 312, 313, 314, 317, 318, 319, 322, 323, 324, 327, 328, 329, 332, 333, 334, 337, 342, 343, 344, 345, 348, 349, 350, 353, 354, 355, 358, 359, 360, 362, 363, 364, 365, 370, 371, 372, 373, 374, 376, 377, 381, 382, 383, 385, 386, 387, 388, 390, 391, 393, 394, 395, 396, 397, 399, 402, 403, 404, 405, 406, 407, 408, 409, 410, 411, 412, 413, 414, 415, 416, 417, 418, 419, 422, 423, 424, 426, 436, 437, 438, 440, 442, 443, 444, 445, 446, 449, 450, 451, 454, 455, 456, 459, 460, 461, 462, 465, 466, 467, 470, 471, 472, 473, 476, 477, 478, 481, 482, 483, 485, 486, 489, 490, 491, 492, 494, 501, 510, 513, 514, 515, 516, 518, 519, 520, 522, 523, 524, 525, 528, 529, 530, 533, 534, 535, 536, 537, 539, 540, 542, 545, 548, 549, 550, 551, 552, 553, 554, 556, 557, 559, 560, 565, 566, 567, 569, 570, 573, 574, 575, 578, 579, 580, 583, 584, 585, 588, 589, 590, 593, 598, 599, 600, 601, 602, 603, 604, 605, 608, 609, 610, 613, 614, 615, 618, 619, 620, 623, 624, 625, 628, 629, 630, 633, 634, 635, 638, 639, 640], "excluded_lines": []}, "/home/main/Documents/django_venv/lib/python3.8/site-packages/django/db/models/manager.py": {"executed_lines": [85, 147, 178, 181, 186, 195], "summary": {"covered_lines": 6, "num_statements": 101, "percent_covered": 7.563025210084033, "missing_lines": 95, "excluded_lines": 0, "num_branches": 18, "num_partial_branches": 3, "covered_branches": 3, "missing_branches": 15}, "missing_lines": [1, 2, 3, 5, 6, 9, 11, 14, 18, 20, 22, 23, 24, 26, 27, 28, 29, 30, 31, 32, 34, 36, 38, 39, 41, 48, 49, 51, 59, 60, 62, 63, 64, 70, 78, 79, 81, 82, 83, 84, 86, 87, 88, 90, 91, 93, 94, 96, 97, 98, 100, 101, 103, 104, 105, 106, 107, 112, 113, 114, 116, 118, 120, 125, 126, 128, 129, 130, 131, 132, 134, 135, 136, 142, 149, 156, 158, 159, 164, 165, 168, 169, 172, 174, 175, 177, 179, 182, 187, 198, 199, 200, 201, 203, 204], "excluded_lines": []}, "/home/main/Documents/django_venv/lib/python3.8/site-packages/django/db/models/options.py": {"executed_lines": [341, 355, 379, 526, 527, 528, 529, 533, 534, 537, 558, 561, 743, 745, 760, 768, 769, 770, 771, 774, 776, 779], "summary": {"covered_lines": 22, "num_statements": 448, "percent_covered": 4.580152671755725, "missing_lines": 426, "excluded_lines": 0, "num_branches": 207, "num_partial_branches": 4, "covered_branches": 8, "missing_branches": 199}, "missing_lines": [1, 2, 3, 4, 6, 7, 8, 9, 10, 11, 12, 13, 14, 15, 17, 19, 21, 26, 37, 43, 44, 45, 46, 47, 48, 49, 50, 52, 53, 56, 59, 60, 63, 64, 69, 71, 73, 74, 75, 76, 77, 78, 79, 80, 81, 82, 83, 84, 85, 86, 87, 88, 89, 90, 91, 92, 93, 94, 95, 96, 97, 98, 99, 100, 101, 102, 103, 104, 105, 106, 112, 116, 117, 118, 119, 123, 126, 128, 130, 131, 132, 134, 135, 136, 138, 139, 141, 143, 144, 145, 147, 148, 149, 151, 152, 154, 155, 156, 160, 163, 164, 165, 169, 170, 171, 172, 173, 174, 175, 176, 177, 179, 180, 183, 184, 185, 186, 190, 191, 194, 197, 198, 200, 201, 204, 205, 206, 208, 210, 211, 212, 213, 217, 218, 220, 221, 224, 225, 226, 230, 231, 233, 234, 235, 237, 239, 240, 243, 247, 248, 249, 250, 251, 253, 254, 256, 257, 258, 260, 265, 266, 267, 268, 270, 271, 281, 282, 283, 284, 285, 286, 288, 290, 291, 292, 293, 295, 300, 301, 302, 304, 305, 307, 308, 310, 315, 316, 317, 318, 319, 320, 321, 322, 324, 326, 327, 329, 330, 332, 333, 342, 343, 344, 345, 346, 351, 353, 354, 357, 358, 359, 360, 361, 362, 363, 364, 365, 367, 368, 369, 370, 372, 377, 378, 381, 382, 383, 384, 386, 387, 388, 389, 390, 392, 393, 394, 395, 396, 403, 404, 405, 406, 407, 409, 410, 411, 412, 414, 415, 416, 417, 419, 420, 421, 422, 423, 430, 431, 433, 434, 450, 451, 453, 454, 456, 457, 461, 467, 468, 476, 480, 481, 489, 493, 494, 502, 507, 508, 518, 519, 524, 525, 535, 536, 539, 540, 541, 542, 543, 544, 548, 549, 550, 551, 552, 554, 562, 565, 566, 572, 575, 576, 577, 579, 585, 586, 587, 588, 589, 590, 591, 592, 593, 594, 596, 601, 602, 603, 604, 605, 607, 616, 617, 618, 620, 621, 625, 627, 633, 634, 636, 637, 638, 639, 640, 641, 643, 644, 645, 646, 655, 657, 663, 664, 665, 668, 669, 670, 672, 673, 674, 675, 676, 677, 679, 686, 688, 689, 690, 693, 694, 695, 699, 700, 701, 702, 704, 710, 711, 714, 716, 717, 718, 720, 723, 724, 725, 726, 727, 728, 729, 730, 731, 733, 744, 747, 761, 780, 781, 783, 786, 787, 791, 792, 793, 795, 796, 799, 800, 801, 805, 806, 809, 810, 812, 813, 814, 820, 821, 825, 828, 829, 831, 832, 837, 843, 844, 846, 847, 848, 849, 850, 851, 853, 854, 859], "excluded_lines": []}, "/home/main/Documents/django_venv/lib/python3.8/site-packages/django/db/models/query.py": {"executed_lines": [39, 40, 41, 48, 49, 50, 53, 54, 56, 57, 58, 59, 61, 62, 70, 71, 72, 73, 74, 75, 76, 79, 91, 188, 189, 190, 191, 192, 193, 194, 195, 196, 197, 198, 199, 200, 201, 205, 209, 269, 270, 287, 288, 418, 419, 420, 421, 422, 423, 424, 425, 426, 428, 429, 941, 942, 953, 954, 957, 958, 962, 963, 966, 969, 1045, 1046, 1049, 1050, 1052, 1053, 1056, 1086, 1087, 1088, 1089, 1099, 1101, 1102, 1103, 1104, 1109, 1110, 1113, 1116, 1118, 1119, 1126, 1130, 1132, 1133, 1134, 1135, 1236, 1238, 1285, 1286, 1289, 1290, 1297, 1298, 1299, 1300, 1301, 1302, 1303, 1304, 1307, 1308, 1309, 1371, 1372, 1381, 1915, 1939, 1940, 1941, 1942, 1943, 1944, 1947, 1954, 1955, 1956, 1957, 1958, 1961, 1964, 1965, 1968, 1969, 1971, 1972, 1973, 1977, 1978, 1979, 1980, 1981, 1982], "summary": {"covered_lines": 139, "num_statements": 1091, "percent_covered": 12.26718047527296, "missing_lines": 952, "excluded_lines": 0, "num_branches": 466, "num_partial_branches": 28, "covered_branches": 52, "missing_branches": 414}, "missing_lines": [5, 6, 7, 8, 9, 10, 12, 13, 14, 15, 19, 20, 21, 22, 23, 24, 25, 26, 27, 28, 31, 34, 37, 38, 44, 47, 81, 82, 83, 84, 85, 86, 87, 89, 94, 99, 100, 101, 102, 105, 110, 111, 112, 115, 121, 122, 123, 124, 126, 128, 133, 134, 136, 137, 138, 142, 145, 151, 152, 153, 156, 158, 159, 160, 161, 163, 164, 165, 166, 167, 168, 171, 177, 178, 179, 180, 181, 184, 187, 203, 204, 206, 207, 208, 211, 212, 213, 215, 217, 218, 219, 220, 221, 222, 228, 230, 231, 232, 233, 235, 236, 238, 240, 241, 243, 244, 245, 246, 247, 255, 260, 262, 263, 264, 265, 266, 268, 272, 290, 291, 292, 294, 296, 297, 301, 306, 307, 309, 310, 311, 312, 314, 315, 316, 318, 319, 320, 322, 323, 324, 325, 327, 328, 330, 331, 332, 333, 334, 335, 336, 337, 338, 339, 341, 342, 343, 344, 345, 346, 347, 348, 349, 350, 351, 352, 353, 359, 360, 362, 367, 368, 369, 370, 372, 380, 381, 382, 383, 387, 388, 389, 390, 391, 393, 394, 395, 396, 397, 398, 400, 408, 409, 411, 413, 427, 433, 440, 445, 446, 447, 448, 450, 451, 452, 453, 455, 475, 480, 481, 482, 483, 484, 485, 486, 487, 488, 489, 490, 491, 492, 493, 494, 497, 498, 499, 500, 501, 502, 503, 504, 505, 506, 509, 510, 511, 512, 513, 514, 515, 517, 519, 523, 524, 525, 526, 527, 528, 529, 530, 531, 532, 533, 534, 535, 536, 539, 540, 541, 542, 543, 544, 545, 546, 547, 548, 549, 550, 551, 552, 553, 554, 555, 556, 557, 558, 559, 560, 561, 563, 571, 572, 573, 574, 575, 576, 578, 585, 586, 587, 588, 589, 590, 591, 594, 595, 596, 597, 598, 599, 600, 602, 607, 608, 609, 610, 611, 612, 613, 614, 615, 616, 617, 618, 620, 625, 626, 627, 628, 629, 630, 631, 632, 633, 635, 636, 637, 638, 643, 645, 650, 651, 653, 654, 655, 656, 657, 662, 664, 665, 666, 667, 668, 670, 671, 673, 674, 676, 678, 679, 681, 683, 684, 686, 691, 693, 694, 699, 704, 705, 706, 707, 708, 709, 710, 713, 714, 715, 716, 717, 719, 721, 722, 724, 726, 727, 730, 731, 733, 738, 741, 742, 743, 745, 746, 747, 750, 751, 753, 754, 756, 761, 762, 763, 764, 765, 766, 767, 768, 770, 775, 776, 778, 779, 780, 782, 783, 784, 785, 786, 787, 789, 796, 798, 799, 801, 802, 803, 804, 805, 807, 808, 809, 810, 812, 814, 815, 817, 818, 824, 825, 826, 827, 828, 829, 831, 832, 833, 834, 835, 836, 837, 839, 840, 841, 842, 843, 845, 846, 847, 848, 849, 851, 852, 853, 854, 855, 856, 857, 859, 860, 861, 862, 863, 864, 866, 868, 869, 874, 876, 881, 883, 885, 892, 897, 899, 901, 902, 903, 905, 906, 919, 921, 922, 923, 929, 934, 936, 944, 949, 950, 952, 959, 960, 965, 967, 971, 981, 982, 983, 984, 986, 988, 990, 992, 993, 994, 995, 996, 997, 999, 1001, 1002, 1003, 1004, 1006, 1008, 1009, 1010, 1011, 1012, 1013, 1015, 1017, 1018, 1019, 1021, 1026, 1027, 1028, 1029, 1030, 1031, 1032, 1033, 1034, 1036, 1047, 1051, 1055, 1058, 1067, 1068, 1069, 1070, 1072, 1073, 1074, 1075, 1076, 1077, 1078, 1079, 1081, 1091, 1092, 1093, 1096, 1097, 1098, 1111, 1114, 1120, 1121, 1123, 1124, 1128, 1137, 1141, 1143, 1144, 1145, 1147, 1150, 1151, 1153, 1154, 1155, 1157, 1159, 1160, 1161, 1162, 1163, 1165, 1172, 1173, 1174, 1175, 1176, 1177, 1179, 1180, 1182, 1188, 1189, 1190, 1191, 1194, 1195, 1196, 1197, 1198, 1199, 1200, 1201, 1203, 1205, 1206, 1207, 1213, 1214, 1219, 1220, 1221, 1222, 1223, 1229, 1231, 1233, 1234, 1237, 1244, 1249, 1250, 1251, 1252, 1253, 1254, 1255, 1256, 1258, 1262, 1263, 1264, 1265, 1266, 1267, 1268, 1269, 1270, 1271, 1277, 1278, 1280, 1287, 1288, 1292, 1306, 1310, 1312, 1323, 1324, 1326, 1328, 1332, 1337, 1341, 1342, 1344, 1345, 1348, 1349, 1350, 1351, 1352, 1354, 1359, 1361, 1367, 1369, 1370, 1373, 1380, 1382, 1388, 1389, 1390, 1393, 1399, 1400, 1403, 1408, 1410, 1411, 1412, 1413, 1414, 1415, 1416, 1417, 1418, 1419, 1421, 1423, 1424, 1425, 1427, 1428, 1429, 1431, 1433, 1434, 1435, 1437, 1438, 1440, 1441, 1442, 1444, 1446, 1450, 1451, 1453, 1454, 1455, 1456, 1457, 1459, 1460, 1461, 1463, 1464, 1465, 1467, 1468, 1469, 1471, 1473, 1474, 1478, 1480, 1481, 1482, 1483, 1486, 1487, 1488, 1491, 1492, 1493, 1495, 1496, 1497, 1498, 1499, 1500, 1503, 1504, 1506, 1507, 1509, 1510, 1512, 1513, 1515, 1517, 1519, 1526, 1527, 1532, 1534, 1536, 1537, 1538, 1539, 1541, 1542, 1544, 1545, 1547, 1548, 1549, 1550, 1551, 1552, 1555, 1556, 1558, 1560, 1561, 1567, 1571, 1572, 1574, 1575, 1577, 1578, 1579, 1581, 1585, 1587, 1588, 1589, 1591, 1592, 1594, 1595, 1596, 1597, 1598, 1600, 1601, 1602, 1603, 1605, 1606, 1607, 1608, 1610, 1611, 1614, 1616, 1617, 1618, 1619, 1620, 1621, 1622, 1623, 1626, 1631, 1632, 1637, 1639, 1640, 1642, 1643, 1644, 1645, 1646, 1647, 1650, 1654, 1656, 1657, 1659, 1660, 1662, 1663, 1665, 1666, 1669, 1670, 1674, 1675, 1676, 1677, 1683, 1684, 1685, 1686, 1692, 1693, 1694, 1696, 1697, 1701, 1705, 1709, 1710, 1715, 1716, 1717, 1718, 1719, 1720, 1729, 1730, 1731, 1734, 1736, 1737, 1738, 1739, 1740, 1741, 1745, 1746, 1748, 1749, 1752, 1762, 1763, 1768, 1769, 1770, 1772, 1773, 1776, 1777, 1778, 1779, 1784, 1785, 1786, 1787, 1790, 1791, 1793, 1795, 1796, 1799, 1822, 1830, 1834, 1838, 1840, 1842, 1843, 1844, 1845, 1847, 1849, 1852, 1853, 1854, 1855, 1856, 1858, 1859, 1862, 1864, 1865, 1866, 1868, 1869, 1870, 1872, 1873, 1876, 1881, 1883, 1884, 1886, 1887, 1888, 1890, 1891, 1894, 1895, 1896, 1899, 1914, 1949, 1950, 1951, 1952, 1960, 1962, 1966, 1970, 1976], "excluded_lines": []}, "/home/main/Documents/django_venv/lib/python3.8/site-packages/django/db/models/query_utils.py": {"executed_lines": [69, 72, 76, 79, 82, 83, 84, 85, 86, 89, 103, 107, 108, 171, 176, 177, 180, 181, 182, 184, 186, 203, 204, 205, 206, 249, 250, 251, 253, 254, 255, 256, 257, 258, 260, 268, 277, 278, 279, 281, 291, 292, 306], "summary": {"covered_lines": 43, "num_statements": 197, "percent_covered": 24.1635687732342, "missing_lines": 154, "excluded_lines": 0, "num_branches": 72, "num_partial_branches": 10, "covered_branches": 22, "missing_branches": 50}, "missing_lines": [8, 9, 10, 11, 12, 14, 15, 16, 17, 22, 25, 26, 27, 28, 30, 31, 38, 39, 40, 42, 43, 44, 47, 48, 51, 52, 53, 54, 57, 63, 64, 65, 66, 68, 71, 73, 77, 80, 88, 91, 92, 94, 95, 96, 97, 98, 100, 110, 111, 112, 113, 114, 115, 116, 117, 119, 120, 121, 122, 123, 124, 127, 132, 133, 135, 140, 141, 142, 143, 144, 147, 148, 149, 150, 151, 152, 154, 160, 161, 162, 163, 164, 167, 169, 170, 173, 174, 175, 179, 183, 185, 188, 189, 190, 191, 192, 193, 194, 195, 197, 198, 208, 209, 210, 211, 213, 214, 215, 216, 217, 218, 219, 220, 221, 223, 224, 229, 230, 231, 234, 252, 259, 261, 262, 263, 267, 271, 280, 284, 312, 315, 316, 317, 318, 319, 320, 321, 322, 323, 325, 326, 327, 328, 334, 335, 336, 337, 338, 340, 345, 347, 349, 350, 351], "excluded_lines": []}, "/home/main/Documents/django_venv/lib/python3.8/site-packages/django/db/models/sql/compiler.py": {"executed_lines": [30, 31, 32, 33, 38, 39, 40, 41, 44, 46, 47, 55, 56, 57, 58, 59, 60, 61, 100, 101, 217, 218, 219, 220, 221, 225, 226, 227, 232, 233, 234, 235, 236, 237, 238, 242, 243, 244, 245, 247, 248, 249, 251, 252, 253, 256, 257, 259, 260, 261, 262, 267, 268, 269, 280, 282, 283, 284, 285, 291, 292, 296, 297, 298, 309, 313, 314, 316, 318, 321, 357, 358, 360, 361, 362, 385, 390, 391, 392, 394, 395, 396, 399, 400, 406, 414, 415, 416, 421, 422, 423, 426, 427, 430, 431, 496, 497, 498, 499, 501, 502, 503, 504, 509, 512, 513, 514, 515, 516, 518, 526, 527, 528, 529, 530, 531, 534, 535, 537, 538, 540, 567, 570, 571, 572, 574, 575, 578, 585, 589, 595, 596, 597, 598, 599, 600, 602, 603, 605, 608, 635, 638, 652, 653, 654, 655, 656, 660, 662, 663, 666, 667, 668, 676, 678, 680, 681, 682, 691, 692, 693, 695, 706, 773, 774, 775, 776, 777, 778, 779, 784, 785, 786, 787, 794, 804, 812, 813, 817, 818, 819, 820, 824, 825, 826, 827, 828, 830, 831, 833, 834, 835, 837, 838, 839, 842, 853, 855, 856, 864, 865, 866, 868, 869, 870, 871, 872, 873, 874, 876, 878, 879, 884, 885, 887, 917, 922, 925, 927, 929, 960, 961, 970, 1079, 1080, 1081, 1084, 1085, 1086, 1087, 1088, 1089, 1090, 1091, 1094, 1095, 1096, 1097, 1098, 1099, 1100, 1101, 1102, 1107, 1109, 1110, 1111, 1112, 1113, 1114, 1116, 1141, 1142, 1143, 1144, 1151, 1154, 1155, 1156, 1162, 1165, 1174, 1178, 1183, 1184, 1189, 1192, 1605, 1606, 1607, 1609], "summary": {"covered_lines": 271, "num_statements": 880, "percent_covered": 28.82818116462976, "missing_lines": 609, "excluded_lines": 0, "num_branches": 511, "num_partial_branches": 57, "covered_branches": 130, "missing_branches": 381}, "missing_lines": [1, 2, 3, 4, 6, 7, 8, 9, 10, 11, 12, 15, 16, 17, 18, 19, 22, 24, 29, 43, 45, 49, 63, 102, 103, 109, 110, 111, 113, 117, 120, 123, 124, 125, 126, 127, 128, 131, 132, 133, 134, 135, 136, 137, 138, 140, 141, 142, 143, 144, 145, 146, 147, 149, 154, 156, 157, 160, 162, 163, 167, 168, 172, 178, 185, 193, 194, 197, 199, 222, 223, 224, 231, 254, 263, 265, 271, 281, 286, 287, 288, 290, 294, 299, 301, 302, 303, 304, 305, 306, 307, 308, 310, 311, 322, 325, 326, 328, 329, 330, 332, 335, 336, 341, 343, 346, 349, 350, 354, 363, 364, 368, 369, 370, 371, 374, 375, 376, 377, 379, 380, 383, 384, 393, 398, 401, 402, 403, 404, 405, 408, 419, 420, 425, 428, 433, 434, 435, 439, 440, 441, 442, 443, 444, 445, 446, 447, 451, 452, 453, 458, 459, 462, 463, 466, 467, 468, 469, 472, 473, 474, 475, 476, 477, 478, 479, 480, 481, 482, 483, 484, 485, 486, 488, 505, 506, 507, 519, 523, 524, 532, 533, 541, 542, 544, 545, 549, 550, 551, 555, 556, 557, 558, 559, 560, 561, 568, 576, 577, 579, 580, 581, 582, 583, 584, 586, 587, 590, 606, 615, 616, 617, 618, 619, 620, 621, 626, 627, 628, 629, 630, 640, 675, 677, 684, 696, 697, 698, 699, 700, 701, 703, 704, 705, 708, 715, 716, 717, 718, 723, 730, 731, 732, 733, 734, 736, 7
[...]
, 369, 372, 373, 389, 390, 393, 394, 400, 401, 402, 404, 405, 406, 409, 413, 416, 421, 424], "excluded_lines": []}, "/home/main/Documents/django_venv/lib/python3.8/site-packages/django/utils/timezone.py": {"executed_lines": [144, 150], "summary": {"covered_lines": 2, "num_statements": 83, "percent_covered": 1.7699115044247788, "missing_lines": 81, "excluded_lines": 0, "num_branches": 30, "num_partial_branches": 0, "covered_branches": 0, "missing_branches": 30}, "missing_lines": [5, 6, 7, 9, 10, 12, 14, 25, 28, 30, 31, 32, 33, 34, 35, 40, 41, 47, 51, 53, 56, 59, 61, 64, 66, 69, 71, 79, 86, 87, 88, 89, 91, 94, 100, 101, 104, 116, 117, 119, 120, 121, 122, 124, 126, 127, 128, 130, 135, 155, 165, 166, 167, 168, 170, 171, 172, 175, 185, 188, 192, 194, 196, 202, 212, 215, 225, 228, 230, 231, 232, 234, 237, 238, 241, 244, 246, 247, 249, 250, 251], "excluded_lines": []}, "/home/main/Documents/django_venv/lib/python3.8/site-packages/django/utils/translation/reloader.py": {"executed_lines": [10, 15, 17, 18, 19, 24, 25, 26], "summary": {"covered_lines": 8, "num_statements": 22, "percent_covered": 46.875, "missing_lines": 14, "excluded_lines": 0, "num_branches": 10, "num_partial_branches": 1, "covered_branches": 7, "missing_branches": 3}, "missing_lines": [1, 3, 5, 8, 13, 29, 31, 32, 34, 35, 36, 37, 38, 39], "excluded_lines": []}, "/home/main/Documents/django_venv/lib/python3.8/site-packages/django/utils/tree.py": {"executed_lines": [23, 24, 25, 39, 40, 41, 58, 62, 69, 93, 95, 98, 100, 108, 109, 113, 114], "summary": {"covered_lines": 17, "num_statements": 51, "percent_covered": 36.0655737704918, "missing_lines": 34, "excluded_lines": 0, "num_branches": 10, "num_partial_branches": 3, "covered_branches": 5, "missing_branches": 5}, "missing_lines": [6, 8, 11, 19, 21, 29, 30, 43, 44, 45, 47, 48, 50, 51, 52, 53, 54, 56, 60, 64, 66, 68, 75, 76, 78, 94, 96, 97, 116, 118, 119, 120, 122, 124], "excluded_lines": []}, "/home/main/Documents/django_venv/lib/python3.8/site-packages/django/views/debug.py": {"executed_lines": [62, 88, 89, 90, 91, 92, 93, 94, 95, 96, 98, 103, 106, 113, 114, 115, 116, 117, 464, 465, 469, 470, 474, 482, 483, 486, 487, 488, 489, 490, 503, 504, 505, 506, 516], "summary": {"covered_lines": 35, "num_statements": 300, "percent_covered": 13.08411214953271, "missing_lines": 265, "excluded_lines": 0, "num_branches": 128, "num_partial_branches": 3, "covered_branches": 21, "missing_branches": 107}, "missing_lines": [1, 2, 3, 4, 5, 7, 8, 9, 10, 11, 12, 13, 14, 15, 16, 17, 23, 28, 31, 38, 39, 41, 42, 45, 50, 51, 52, 53, 55, 56, 59, 60, 65, 66, 67, 70, 71, 72, 75, 80, 81, 83, 99, 101, 104, 108, 119, 123, 124, 125, 127, 134, 136, 142, 143, 144, 145, 146, 147, 148, 150, 155, 156, 158, 159, 160, 161, 163, 164, 165, 168, 169, 170, 171, 173, 175, 176, 180, 181, 182, 184, 186, 187, 189, 196, 197, 198, 199, 203, 204, 205, 206, 208, 209, 210, 212, 213, 216, 217, 218, 220, 221, 225, 226, 228, 234, 235, 237, 240, 242, 243, 244, 245, 246, 247, 248, 250, 251, 252, 254, 256, 257, 258, 260, 261, 262, 263, 264, 265, 267, 268, 269, 270, 271, 273, 274, 275, 276, 277, 278, 279, 283, 285, 286, 288, 289, 290, 293, 295, 313, 314, 315, 316, 318, 319, 320, 321, 322, 323, 324, 326, 328, 329, 330, 331, 333, 335, 336, 337, 338, 340, 341, 342, 343, 344, 345, 346, 347, 348, 349, 350, 351, 352, 353, 354, 355, 357, 362, 363, 364, 369, 370, 371, 374, 375, 376, 377, 378, 380, 381, 383, 384, 385, 386, 387, 388, 389, 391, 392, 393, 394, 395, 398, 399, 400, 401, 402, 403, 405, 407, 409, 410, 413, 414, 416, 419, 420, 421, 422, 423, 424, 425, 426, 427, 430, 431, 432, 433, 434, 435, 453, 454, 455, 457, 459, 462, 466, 467, 471, 472, 480, 484, 492, 494, 495, 496, 497, 499, 500, 501, 519, 521, 522, 523, 527], "excluded_lines": []}, "/home/main/Documents/django_venv/lib/python3.8/site-packages/django/views/static.py": {"executed_lines": [35, 36, 37, 41, 44, 45, 47, 48, 49, 50, 51, 52, 54, 122, 123, 124, 125, 127, 128, 129, 131, 133, 134, 135], "summary": {"covered_lines": 24, "num_statements": 60, "percent_covered": 40.24390243902439, "missing_lines": 36, "excluded_lines": 0, "num_branches": 22, "num_partial_branches": 5, "covered_branches": 9, "missing_branches": 13}, "missing_lines": [5, 6, 7, 8, 10, 13, 14, 15, 16, 19, 38, 39, 40, 42, 53, 57, 80, 83, 84, 85, 89, 90, 91, 93, 94, 95, 96, 97, 98, 99, 100, 101, 105, 108, 130, 132], "excluded_lines": []}, "/home/main/Documents/django_venv/lib/python3.8/site-packages/modelcluster/models.py": {"executed_lines": [129, 140, 152, 157, 170], "summary": {"covered_lines": 5, "num_statements": 188, "percent_covered": 4.262295081967213, "missing_lines": 183, "excluded_lines": 0, "num_branches": 117, "num_partial_branches": 1, "covered_branches": 8, "missing_branches": 109}, "missing_lines": [1, 3, 4, 6, 7, 8, 9, 10, 11, 12, 14, 17, 18, 19, 23, 24, 25, 26, 28, 30, 31, 33, 35, 38, 43, 45, 46, 48, 50, 51, 52, 54, 57, 58, 60, 61, 63, 64, 65, 66, 67, 68, 71, 72, 74, 75, 76, 78, 79, 80, 82, 83, 84, 85, 86, 87, 88, 89, 90, 91, 92, 94, 96, 97, 100, 102, 105, 106, 107, 108, 110, 112, 114, 116, 119, 121, 124, 135, 146, 147, 160, 161, 162, 163, 164, 166, 167, 168, 172, 176, 177, 179, 180, 181, 182, 183, 185, 186, 187, 188, 189, 190, 191, 192, 194, 196, 198, 199, 201, 202, 204, 205, 207, 208, 209, 211, 212, 214, 216, 217, 218, 219, 221, 223, 224, 226, 227, 239, 240, 241, 243, 245, 246, 247, 248, 249, 250, 252, 253, 254, 259, 264, 266, 268, 270, 271, 272, 274, 275, 293, 295, 296, 298, 299, 302, 305, 306, 308, 309, 311, 312, 313, 314, 315, 316, 320, 321, 323, 324, 326, 328, 329, 331, 333, 344, 345, 347, 348, 349, 351, 353, 355, 356], "excluded_lines": []}, "/home/main/Documents/django_venv/lib/python3.8/site-packages/wagtail/contrib/redirects/middleware.py": {"executed_lines": [1, 3, 4, 5, 7, 8, 11, 12, 15, 16, 17, 18, 21, 22, 25, 26, 27, 29, 30, 34, 35, 37, 38, 41, 44, 45, 47, 49, 51], "summary": {"covered_lines": 29, "num_statements": 39, "percent_covered": 63.1578947368421, "missing_lines": 10, "excluded_lines": 0, "num_branches": 18, "num_partial_branches": 5, "covered_branches": 7, "missing_branches": 11}, "missing_lines": [13, 20, 53, 54, 55, 57, 58, 60, 61, 63], "excluded_lines": []}, "/home/main/Documents/django_venv/lib/python3.8/site-packages/wagtail/contrib/redirects/models.py": {"executed_lines": [52, 53, 89, 92, 95, 96, 99, 103, 104, 105, 108, 109, 110, 112, 116, 119], "summary": {"covered_lines": 16, "num_statements": 65, "percent_covered": 24.705882352941178, "missing_lines": 49, "excluded_lines": 0, "num_branches": 20, "num_partial_branches": 5, "covered_branches": 5, "missing_branches": 15}, "missing_lines": [1, 3, 4, 6, 9, 10, 11, 19, 23, 29, 31, 32, 33, 35, 36, 37, 38, 39, 40, 42, 44, 45, 46, 48, 50, 51, 55, 57, 58, 67, 70, 73, 75, 76, 78, 80, 82, 84, 86, 87, 97, 100, 113, 117, 121, 123, 125, 126, 127], "excluded_lines": []}, "/home/main/Documents/django_venv/lib/python3.8/site-packages/wagtail/core/models.py": {"executed_lines": [159, 236, 239, 240, 241, 242, 246, 247, 248, 249, 250, 254, 877, 878], "summary": {"covered_lines": 14, "num_statements": 2027, "percent_covered": 0.6491164803461954, "missing_lines": 2013, "excluded_lines": 0, "num_branches": 746, "num_partial_branches": 2, "covered_branches": 4, "missing_branches": 742}, "missing_lines": [1, 2, 3, 5, 6, 7, 9, 10, 11, 12, 13, 14, 15, 16, 17, 18, 19, 20, 21, 22, 23, 24, 25, 26, 27, 28, 29, 30, 31, 32, 33, 34, 35, 36, 37, 38, 39, 40, 41, 43, 44, 45, 49, 50, 51, 52, 53, 55, 59, 61, 64, 70, 71, 73, 75, 76, 79, 80, 83, 84, 85, 86, 87, 88, 89, 90, 93, 94, 96, 107, 108, 111, 113, 116, 120, 121, 123, 125, 126, 128, 129, 130, 131, 132, 134, 135, 138, 140, 143, 144, 145, 147, 148, 149, 150, 151, 153, 154, 157, 158, 161, 162, 165, 168, 169, 170, 178, 184, 186, 194, 196, 197, 198, 199, 201, 202, 204, 205, 206, 207, 212, 218, 219, 237, 244, 245, 251, 252, 256, 257, 258, 259, 260, 261, 263, 265, 266, 268, 269, 270, 271, 272, 273, 275, 276, 286, 287, 300, 306, 307, 309, 310, 311, 316, 318, 320, 323, 324, 325, 327, 330, 331, 333, 335, 339, 342, 347, 351, 352, 354, 355, 359, 360, 364, 366, 367, 371, 372, 373, 374, 376, 377, 379, 380, 382, 383, 384, 385, 386, 388, 390, 392, 394, 396, 397, 399, 400, 402, 403, 406, 407, 408, 410, 411, 412, 414, 415, 416, 417, 422, 423, 433, 435, 436, 442, 443, 444, 445, 447, 448, 450, 452, 456, 460, 461, 463, 465, 471, 473, 479, 480, 481, 482, 484, 488, 490, 496, 497, 498, 500, 502, 510, 517, 518, 519, 526, 528, 529, 539, 542, 550, 553, 554, 555, 558, 559, 560, 561, 563, 564, 565, 567, 568, 570, 571, 573, 576, 581, 584, 599, 600, 604, 605, 607, 609, 610, 613, 619, 625, 627, 629, 630, 632, 636, 639, 640, 641, 642, 644, 645, 649, 650, 651, 653, 656, 659, 663, 666, 671, 674, 675, 676, 679, 682, 685, 686, 688, 690, 692, 693, 695, 696, 700, 701, 703, 705, 708, 715, 717, 718, 721, 722, 728, 732, 738, 744, 745, 750, 751, 761, 768, 769, 774, 776, 781, 786, 788, 789, 790, 800, 806, 811, 816, 829, 838, 858, 861, 864, 867, 868, 872, 873, 874, 876, 881, 884, 885, 887, 889, 890, 892, 899, 900, 903, 905, 907, 908, 914, 916, 918, 919, 920, 922, 924, 925, 926, 927, 929, 931, 932, 934, 936, 942, 943, 944, 950, 952, 955, 957, 958, 961, 962, 964, 965, 968, 969, 971, 973, 974, 975, 976, 978, 984, 986, 988, 1004, 1005, 1007, 1008, 1010, 1014, 1018, 1021, 1022, 1023, 1024, 1025, 1026, 1028, 1030, 1031, 1036, 1037, 1040, 1041, 1042, 1051, 1055, 1056, 1062, 1063, 1069, 1071, 1075, 1076, 1078, 1079, 1085, 1086, 1087, 1088, 1091, 1094, 1096, 1097, 1098, 1105, 1109, 1110, 1111, 1112, 1121, 1122, 1131, 1132, 1133, 1134, 1142, 1143, 1144, 1145, 1153, 1155, 1156, 1168, 1197, 1199, 1204, 1206, 1208, 1210, 1213, 1218, 1219, 1222, 1225, 1226, 1227, 1229, 1231, 1232, 1237, 1239, 1240, 1248, 1250, 1251, 1265, 1267, 1268, 1276, 1278, 1279, 1288, 1289, 1290, 1291, 1293, 1294, 1296, 1298, 1299, 1308, 1309, 1310, 1312, 1314, 1315, 1317, 1318, 1320, 1321, 1322, 1323, 1325, 1329, 1330, 1332, 1334, 1342, 1344, 1359, 1360, 1365, 1366, 1369, 1376, 1378, 1379, 1381, 1382, 1384, 1385, 1386, 1388, 1390, 1393, 1394, 1395, 1396, 1404, 1418, 1419, 1421, 1423, 1424, 1426, 1427, 1434, 1436, 1438, 1439, 1441, 1443, 1454, 1457, 1458, 1462, 1464, 1467, 1470, 1473, 1482, 1483, 1485, 1486, 1488, 1493, 1494, 1496, 1497, 1498, 1499, 1501, 1504, 1508, 1509, 1512, 1513, 1515, 1517, 1520, 1541, 1543, 1545, 1551, 1552, 1553, 1554, 1556, 1557, 1559, 1561, 1563, 1565, 1566, 1572, 1574, 1577, 1578, 1580, 1582, 1583, 1589, 1590, 1592, 1594, 1595, 1596, 1598, 1600, 1601, 1603, 1609, 1615, 1617, 1623, 1624, 1625, 1626, 1627, 1628, 1630, 1648, 1654, 1655, 1657, 1659, 1660, 1661, 1662, 1663, 1665, 1667, 1669, 1673, 1674, 1675, 1676, 1679, 1683, 1684, 1685, 1686, 1689, 1691, 1692, 1697, 1698, 1700, 1702, 1704, 1706, 1708, 1710, 1712, 1714, 1716, 1733, 1734, 1735, 1736, 1738, 1740, 1742, 1746, 1748, 1750, 1752, 1754, 1756, 1766, 1768, 1773, 1775, 1777, 1779, 1781, 1783, 1784, 1785, 1786, 1788, 1793, 1794, 1795, 1796, 1798, 1799, 1805, 1806, 1807, 1809, 1811, 1816, 1817, 1818, 1820, 1822, 1823, 1830, 1831, 1832, 1834, 1836, 1841, 1842, 1843, 1845, 1847, 1848, 1853, 1858, 1859, 1864, 1869, 1870, 1875, 1880, 1881, 1888, 1890, 1891, 1896, 1898, 1899, 1901, 1902, 1904, 1906, 1913, 1914, 1915, 1917, 1919, 1920, 1926, 1928, 1929, 1930, 1931, 1932, 1933, 1934, 1935, 1936, 1938, 1940, 1941, 1942, 1943, 1944, 1945, 1947, 1949, 1950, 1951, 1953, 1959, 1961, 1967, 1968, 1969, 1971, 1975, 1976, 1977, 1980, 1990, 1992, 1996, 1997, 1998, 2001, 2002, 2005, 2015, 2030, 2032, 2040, 2041, 2043, 2044, 2045, 2046, 2048, 2056, 2057, 2060, 2061, 2063, 2064, 2066, 2069, 2070, 2071, 2074, 2075, 2078, 2080, 2081, 2082, 2085, 2086, 2087, 2088, 2090, 2092, 2094, 2097, 2098, 2099, 2100, 2101, 2102, 2105, 2106, 2108, 2109, 2110, 2111, 2112, 2115, 2117, 2118, 2123, 2124, 2126, 2129, 2136, 2138, 2139, 2140, 2142, 2143, 2144, 2145, 2146, 2147, 2149, 2150, 2156, 2157, 2158, 2172, 2174, 2180, 2183, 2184, 2186, 2187, 2188, 2192, 2193, 2203, 2204, 2205, 2207, 2209, 2211, 2236, 2241, 2243, 2253, 2254, 2256, 2257, 2259, 2260, 2263, 2264, 2266, 2269, 2270, 2271, 2272, 2275, 2276, 2279, 2281, 2282, 2283, 2286, 2287, 2288, 2289, 2291, 2293, 2295, 2298, 2299, 2300, 2313, 2315, 2321, 2324, 2325, 2327, 2328, 2329, 2333, 2334, 2344, 2345, 2346, 2348, 2350, 2352, 2353, 2375, 2376, 2378, 2379, 2380, 2381, 2382, 2383, 2385, 2390, 2394, 2397, 2399, 2400, 2409, 2412, 2413, 2415, 2428, 2430, 2434, 2435, 2437, 2450, 2451, 2454, 2456, 2457, 2458, 2460, 2465, 2466, 2467, 2468, 2469, 2470, 2473, 2474, 2475, 2477, 2482, 2483, 2484, 2485, 2486, 2487, 2488, 2492, 2493, 2494, 2497, 2498, 2499, 2500, 2501, 2502, 2504, 2505, 2506, 2507, 2524, 2528, 2529, 2530, 2531, 2532, 2533, 2535, 2537, 2542, 2544, 2546, 2547, 2555, 2557, 2558, 2563, 2565, 2573, 2574, 2575, 2577, 2579, 2604, 2606, 2607, 2608, 2610, 2614, 2616, 2617, 2626, 2632, 2635, 2636, 2637, 2639, 2644, 2646, 2651, 2653, 2658, 2660, 2661, 2663, 2664, 2666, 2668, 2670, 2672, 2680, 2681, 2682, 2683, 2685, 2708, 2711, 2712, 2713, 2716, 2717, 2718, 2722, 2726, 2727, 2728, 2729, 2730, 2731, 2732, 2733, 2734, 2735, 2736, 2737, 2739, 2741, 2742, 2744, 2746, 2748, 2749, 2751, 2752, 2754, 2755, 2756, 2758, 2759, 2761, 2763, 2764, 2766, 2767, 2768, 2769, 2771, 2772, 2774, 2775, 2777, 2778, 2780, 2781, 2783, 2784, 2785, 2786, 2789, 2790, 2791, 2793, 2794, 2795, 2798, 2799, 2800, 2803, 2804, 2805, 2810, 2811, 2815, 2816, 2823, 2824, 2826, 2830, 2831, 2833, 2834, 2836, 2838, 2843, 2845, 2859, 2860, 2862, 2863, 2864, 2865, 2871, 2873, 2874, 2875, 2876, 2882, 2883, 2885, 2886, 2889, 2890, 2891, 2893, 2906, 2908, 2909, 2925, 2926, 2928, 2929, 2931, 2933, 2935, 2936, 2938, 2940, 2942, 2944, 2946, 2947, 2951, 2952, 2953, 2954, 2956, 2957, 2959, 2960, 2961, 2963, 2964, 2965, 2966, 2967, 2970, 2972, 2973, 2974, 2976, 2977, 2978, 2980, 2981, 2984, 2986, 2987, 2988, 2989, 2996, 2997, 2998, 3003, 3011, 3020, 3021, 3022, 3030, 3031, 3033, 3034, 3036, 3037, 3039, 3040, 3042, 3043, 3044, 3047, 3056, 3062, 3063, 3064, 3065, 3071, 3072, 3073, 3074, 3076, 3077, 3084, 3088, 3089, 3091, 3092, 3094, 3098, 3099, 3100, 3101, 3105, 3108, 3109, 3113, 3114, 3115, 3118, 3120, 3123, 3125, 3131, 3132, 3133, 3134, 3136, 3140, 3146, 3155, 3156, 3157, 3160, 3161, 3163, 3165, 3168, 3169, 3170, 3171, 3173, 3175, 3178, 3180, 3183, 3185, 3187, 3189, 3191, 3194, 3195, 3196, 3197, 3199, 3201, 3204, 3206, 3208, 3210, 3212, 3214, 3215, 3216, 3217, 3219, 3222, 3223, 3224, 3225, 3226, 3227, 3229, 3230, 3235, 3236, 3238, 3239, 3240, 3241, 3243, 3245, 3247, 3249, 3252, 3254, 3255, 3256, 3257, 3258, 3259, 3260, 3262, 3263, 3264, 3266, 3267, 3269, 3270, 3272, 3273, 3275, 3276, 3278, 3279, 3280, 3282, 3284, 3285, 3286, 3288, 3289, 3291, 3293, 3296, 3297, 3299, 3302, 3303, 3304, 3305, 3307, 3309, 3310, 3311, 3314, 3318, 3321, 3323, 3324, 3325, 3326, 3327, 3328, 3329, 3331, 3333, 3334, 3335, 3336, 3337, 3339, 3341, 3342, 3344, 3345, 3347, 3348, 3350, 3351, 3352, 3354, 3355, 3357, 3358, 3360, 3362, 3363, 3364, 3366, 3367, 3369, 3370, 3372, 3373, 3375, 3377, 3384, 3385, 3386, 3387, 3388, 3390, 3392, 3397, 3399, 3405, 3407, 3408, 3410, 3412, 3413, 3417, 3418, 3421, 3422, 3423, 3424, 3427, 3428, 3431, 3434, 3435, 3437, 3439, 3442, 3444, 3447, 3448, 3451, 3452, 3455, 3456, 3459, 3460, 3463, 3465, 3466, 3469, 3470, 3472, 3474, 3475, 3478, 3479, 3480, 3481, 3482, 3484, 3491, 3493, 3494, 3496, 3497, 3498, 3499, 3500, 3502, 3503, 3504, 3506, 3507, 3508, 3510, 3511, 3513, 3515, 3520, 3521, 3522, 3523, 3524, 3525, 3528, 3530, 3531, 3532, 3533, 3535, 3541, 3542, 3544, 3545, 3557, 3563, 3564, 3575, 3578, 3579, 3583, 3585, 3586, 3587, 3589, 3590, 3592, 3593, 3596, 3597, 3598, 3601, 3604, 3605, 3612, 3614, 3615, 3616, 3619, 3623, 3625, 3627, 3629, 3630, 3632, 3633, 3635, 3636, 3638, 3639, 3641, 3642, 3644, 3645, 3647, 3649, 3651, 3661, 3663, 3664, 3668, 3670, 3677, 3679, 3680, 3681, 3684, 3685, 3688, 3692, 3700, 3704, 3705, 3708, 3709, 3710, 3715, 3720, 3726, 3732, 3738, 3739, 3745, 3746, 3748, 3750, 3751, 3752, 3753, 3756, 3757, 3764, 3771, 3777, 3778, 3780, 3781, 3783, 3785, 3786, 3787, 3790, 3791, 3793, 3796, 3797, 3798, 3799, 3802, 3803, 3804, 3807, 3808, 3809, 3815, 3817, 3819, 3820, 3822, 3823, 3824, 3827, 3830, 3832, 3833, 3835, 3836, 3838, 3840, 3841, 3843, 3845, 3846, 3852, 3854, 3855, 3861, 3862, 3863, 3869, 3870, 3872, 3874, 3876, 3878, 3879, 3880, 3882, 3884, 3885, 3886, 3887, 3888, 3889, 3890, 3892, 3893, 3895, 3896, 3897, 3898, 3900, 3903, 3905, 3907, 3909, 3912, 3914, 3917, 3919, 3925, 3927, 3928, 3930, 3931, 3933, 3935, 3937, 3938, 3940, 3942, 3943, 3945, 3946, 3947, 3948, 3949, 3951, 3952, 3953, 3956, 3957, 3958, 3961, 3962, 3963, 3965, 3967, 3968, 3970, 3971, 3973, 3975, 3976, 3978, 3979, 3980, 3981, 3983, 3984, 3985, 3989, 4005, 4007, 4008, 4010, 4011, 4012, 4013, 4014, 4015, 4017, 4021, 4023, 4024, 4026, 4028, 4029, 4030, 4033, 4034, 4036, 4037, 4041, 4042, 4044, 4045, 4046, 4047, 4048, 4050, 4052, 4053, 4055, 4056, 4058, 4059, 4061, 4062, 4064, 4065, 4066, 4072, 4074, 4075, 4076, 4078, 4080, 4081, 4082, 4084, 4085, 4086, 4089, 4090, 4094, 4097, 4099, 4100, 4101, 4102, 4103, 4110, 4111, 4112, 4113, 4114, 4121, 4125, 4127, 4129, 4130, 4132, 4134, 4135, 4137, 4138, 4139, 4141, 4142, 4144, 4146, 4147, 4148, 4149, 4150, 4151, 4152, 4154, 4172, 4174, 4175, 4176, 4177, 4179, 4182, 4184, 4185, 4186, 4187, 4188, 4189, 4190, 4191, 4192, 4194, 4195, 4196, 4197, 4200, 4201, 4203, 4204, 4208, 4210, 4211, 4212, 4215, 4216, 4218, 4220, 4223, 4230, 4232, 4233, 4234, 4235, 4237, 4256, 4258, 4259, 4261, 4262, 4264, 4265, 4266, 4267, 4268, 4269, 4271, 4273, 4274, 4275, 4277, 4279, 4284, 4287, 4289, 4290, 4291, 4292, 4294, 4305, 4307, 4320, 4321, 4322, 4324, 4326, 4334, 4336, 4348, 4350, 4351, 4353, 4355, 4356, 4357, 4359, 4360, 4363, 4367, 4369, 4370, 4371, 4373, 4378, 4379, 4380, 4381, 4382, 4383, 4384, 4387, 4389, 4390, 4391, 4392, 4393, 4394, 4402, 4403, 4404, 4405, 4406, 4407, 4408, 4416, 4417, 4423, 4424, 4426, 4428, 4429, 4430, 4433, 4436, 4438, 4439, 4441, 4442, 4448, 4449, 4450, 4456, 4457, 4459, 4461, 4463, 4464, 4466, 4467, 4468, 4469, 4470, 4471, 4472, 4474, 4475, 4476, 4477, 4478, 4480, 4481, 4483, 4484, 4485, 4486, 4487, 4488, 4489, 4491, 4492, 4493, 4494, 4496, 4498, 4499, 4501, 4502, 4503, 4504, 4505, 4506, 4507, 4508, 4510, 4511, 4514, 4515, 4516, 4517, 4518, 4519, 4520, 4522, 4523, 4524, 4526, 4529, 4530, 4531, 4532, 4533, 4535, 4542, 4544, 4546, 4547, 4548, 4549, 4550, 4554, 4575, 4576, 4577, 4580, 4581, 4592, 4593, 4594, 4595, 4596, 4598, 4600, 4601, 4610, 4612, 4613, 4615, 4617, 4619, 4620, 4623, 4625, 4626, 4627, 4630, 4631, 4638, 4640, 4641, 4642, 4644, 4653, 4654, 4656, 4658, 4659, 4660, 4661, 4662, 4664, 4665, 4669, 4670, 4676, 4677, 4678, 4679, 4681, 4683, 4684, 4685, 4686, 4687, 4690, 4692, 4693, 4697, 4698, 4700, 4702, 4703, 4704, 4705, 4706, 4708, 4710, 4711, 4713, 4714, 4715, 4716, 4717, 4720, 4721, 4728, 4736, 4738, 4739, 4740, 4741, 4743, 4744, 4748, 4749, 4750], "excluded_lines": []}, "/home/main/Documents/django_venv/lib/python3.8/site-packages/wagtail/core/sites.py": {"executed_lines": [13, 15, 39, 41, 42], "summary": {"covered_lines": 5, "num_statements": 15, "percent_covered": 33.333333333333336, "missing_lines": 10, "excluded_lines": 0, "num_branches": 6, "num_partial_branches": 2, "covered_branches": 2, "missing_branches": 4}, "missing_lines": [1, 2, 5, 6, 7, 8, 11, 47, 48, 50], "excluded_lines": []}, "coverage_app/views.py": {"executed_lines": [12, 15, 27, 28], "summary": {"covered_lines": 4, "num_statements": 28, "percent_covered": 14.285714285714286, "missing_lines": 24, "excluded_lines": 0, "num_branches": 0, "num_partial_branches": 0, "covered_branches": 0, "missing_branches": 0}, "missing_lines": [1, 2, 3, 4, 5, 7, 8, 9, 11, 14, 16, 19, 20, 21, 22, 23, 26, 31, 32, 35, 36, 37, 38, 39], "excluded_lines": []}}, "totals": {"covered_lines": 3299, "num_statements": 21674, "percent_covered": 14.740836912014382, "missing_lines": 18375, "excluded_lines": 0, "num_branches": 8365, "num_partial_branches": 588, "covered_branches": 1129, "missing_branches": 7236}}