{"meta": {"version": "5.3.1", "timestamp": "2021-02-18T08:28:31.318100", "branch_coverage": true, "show_contexts": false}, "files": {"coverage_app/views.py": {"executed_lines": [15, 16, 32, 36, 37, 38, 39], "summary": {"covered_lines": 7, "num_statements": 27, "percent_covered": 25.925925925925927, "missing_lines": 20, "excluded_lines": 0, "num_branches": 0, "num_partial_branches": 0, "covered_branches": 0, "missing_branches": 0}, "missing_lines": [1, 2, 3, 4, 5, 6, 9, 10, 11, 14, 19, 20, 21, 22, 23, 26, 27, 28, 31, 35], "excluded_lines": []}}, "totals": {"covered_lines": 7, "num_statements": 27, "percent_covered": 25.925925925925927, "missing_lines": 20, "excluded_lines": 0, "num_branches": 0, "num_partial_branches": 0, "covered_branches": 0, "missing_branches": 0}}