{"meta": {"version": "5.3.1", "timestamp": "2021-02-02T11:10:45.208627", "branch_coverage": true, "show_contexts": false}, "files": {"D:\\django\\django_venv\\Lib\\site-packages\\wagtail\\contrib\\redirects\\middleware.py": {"executed_lines": [1, 3, 4, 5, 7, 8, 11, 25, 34, 35], "summary": {"covered_lines": 10, "num_statements": 39, "percent_covered": 17.54385964912281, "missing_lines": 29, "excluded_lines": 0, "num_branches": 18, "num_partial_branches": 0, "covered_branches": 0, "missing_branches": 18}, "missing_lines": [12, 13, 15, 16, 17, 18, 20, 21, 22, 26, 27, 29, 30, 37, 38, 41, 44, 45, 47, 49, 51, 53, 54, 55, 57, 58, 60, 61, 63], "excluded_lines": []}}, "totals": {"covered_lines": 10, "num_statements": 39, "percent_covered": 17.54385964912281, "missing_lines": 29, "excluded_lines": 0, "num_branches": 18, "num_partial_branches": 0, "covered_branches": 0, "missing_branches": 18}}